  [1m[35m (15.0ms)[0m  [1m[34mSELECT "schema_migrations"."version" FROM "schema_migrations" ORDER BY "schema_migrations"."version" ASC[0m
  [1m[35m (11.0ms)[0m  [1m[34mSELECT "ar_internal_metadata"."value" FROM "ar_internal_metadata" WHERE "ar_internal_metadata"."key" = $1[0m  [["key", "environment"]]
  [1m[35m (1.0ms)[0m  [1m[34mSELECT "schema_migrations"."version" FROM "schema_migrations" ORDER BY "schema_migrations"."version" ASC[0m
  [1m[35m (0.0ms)[0m  [1m[34mSELECT "ar_internal_metadata"."value" FROM "ar_internal_metadata" WHERE "ar_internal_metadata"."key" = $1[0m  [["key", "environment"]]
  [1m[35m (0.0ms)[0m  [1m[34mSELECT "schema_migrations"."version" FROM "schema_migrations" ORDER BY "schema_migrations"."version" ASC[0m
  [1m[35m (0.0ms)[0m  [1m[34mSELECT "ar_internal_metadata"."value" FROM "ar_internal_metadata" WHERE "ar_internal_metadata"."key" = $1[0m  [["key", "environment"]]
  [1m[35m (740.3ms)[0m  [1m[35mDROP DATABASE IF EXISTS "prototype_dev"[0m
  [1m[35m (749.3ms)[0m  [1m[35mDROP DATABASE IF EXISTS "prototype_test"[0m
  [1m[35m (3857.8ms)[0m  [1m[35mCREATE DATABASE "prototype_dev" ENCODING = 'unicode'[0m
  [1m[35m (2656.8ms)[0m  [1m[35mCREATE DATABASE "prototype_test" ENCODING = 'unicode'[0m
  [1m[35mSQL (1.0ms)[0m  [1m[35mCREATE EXTENSION IF NOT EXISTS "plpgsql"[0m
  [1m[35m (2.0ms)[0m  [1m[35mDROP TABLE IF EXISTS "countries" CASCADE[0m
  [1m[35m (37.1ms)[0m  [1m[35mCREATE TABLE "countries" ("id" bigserial primary key, "country_name" character varying, "created_at" timestamp NOT NULL, "updated_at" timestamp NOT NULL)[0m
  [1m[35m (5.0ms)[0m  [1m[35mDROP TABLE IF EXISTS "customers" CASCADE[0m
  [1m[35m (28.2ms)[0m  [1m[35mCREATE TABLE "customers" ("id" bigserial primary key, "email" character varying DEFAULT '' NOT NULL, "encrypted_password" character varying DEFAULT '' NOT NULL, "reset_password_token" character varying, "reset_password_sent_at" timestamp, "remember_created_at" timestamp, "sign_in_count" integer DEFAULT 0 NOT NULL, "current_sign_in_at" timestamp, "last_sign_in_at" timestamp, "current_sign_in_ip" inet, "last_sign_in_ip" inet, "first_name" character varying, "last_name" character varying, "address" character varying, "city" character varying, "state_id" bigint, "country_id" bigint, "zip" integer, "created_at" timestamp NOT NULL, "updated_at" timestamp NOT NULL, "active" boolean, "phone" integer, "admin" boolean DEFAULT 'f')[0m
  [1m[35m (9.0ms)[0m  [1m[35mCREATE  INDEX  "index_customers_on_country_id" ON "customers"  ("country_id")[0m
  [1m[35m (11.3ms)[0m  [1m[35mCREATE UNIQUE INDEX  "index_customers_on_email" ON "customers"  ("email")[0m
  [1m[35m (9.0ms)[0m  [1m[35mCREATE UNIQUE INDEX  "index_customers_on_reset_password_token" ON "customers"  ("reset_password_token")[0m
  [1m[35m (12.0ms)[0m  [1m[35mCREATE  INDEX  "index_customers_on_state_id" ON "customers"  ("state_id")[0m
  [1m[35m (0.0ms)[0m  [1m[35mDROP TABLE IF EXISTS "images" CASCADE[0m
  [1m[35m (24.7ms)[0m  [1m[35mCREATE TABLE "images" ("id" bigserial primary key, "item_id" bigint, "created_at" timestamp NOT NULL, "updated_at" timestamp NOT NULL, "file_file_name" character varying, "file_content_type" character varying, "file_file_size" integer, "file_updated_at" timestamp)[0m
  [1m[35m (8.0ms)[0m  [1m[35mCREATE  INDEX  "index_images_on_item_id" ON "images"  ("item_id")[0m
  [1m[35m (0.0ms)[0m  [1m[35mDROP TABLE IF EXISTS "items" CASCADE[0m
  [1m[35m (24.1ms)[0m  [1m[35mCREATE TABLE "items" ("id" bigserial primary key, "name" character varying, "description" character varying, "available" boolean DEFAULT 't' NOT NULL, "created_at" timestamp NOT NULL, "updated_at" timestamp NOT NULL, "price" decimal, "picture_file_name" character varying, "picture_content_type" character varying, "picture_file_size" integer, "picture_updated_at" timestamp)[0m
  [1m[35m (3.0ms)[0m  [1m[35mDROP TABLE IF EXISTS "order_contents" CASCADE[0m
  [1m[35m (13.0ms)[0m  [1m[35mCREATE TABLE "order_contents" ("id" bigserial primary key, "order_id" bigint, "item_id" bigint, "qty" integer, "created_at" timestamp NOT NULL, "updated_at" timestamp NOT NULL)[0m
  [1m[35m (10.0ms)[0m  [1m[35mCREATE  INDEX  "index_order_contents_on_item_id" ON "order_contents"  ("item_id")[0m
  [1m[35m (10.0ms)[0m  [1m[35mCREATE  INDEX  "index_order_contents_on_order_id" ON "order_contents"  ("order_id")[0m
  [1m[35m (0.0ms)[0m  [1m[35mDROP TABLE IF EXISTS "order_statuses" CASCADE[0m
  [1m[35m (30.5ms)[0m  [1m[35mCREATE TABLE "order_statuses" ("id" bigserial primary key, "status" character varying, "created_at" timestamp NOT NULL, "updated_at" timestamp NOT NULL)[0m
  [1m[35m (2.0ms)[0m  [1m[35mDROP TABLE IF EXISTS "orders" CASCADE[0m
  [1m[35m (23.1ms)[0m  [1m[35mCREATE TABLE "orders" ("id" bigserial primary key, "total" decimal, "notes" character varying, "customer_id" bigint, "order_status_id" bigint, "address" character varying, "city" character varying, "state_id" bigint, "country_id" bigint, "zip" integer, "stripe_key" character varying, "created_at" timestamp NOT NULL, "updated_at" timestamp NOT NULL)[0m
  [1m[35m (9.0ms)[0m  [1m[35mCREATE  INDEX  "index_orders_on_country_id" ON "orders"  ("country_id")[0m
  [1m[35m (12.0ms)[0m  [1m[35mCREATE  INDEX  "index_orders_on_customer_id" ON "orders"  ("customer_id")[0m
  [1m[35m (11.0ms)[0m  [1m[35mCREATE  INDEX  "index_orders_on_order_status_id" ON "orders"  ("order_status_id")[0m
  [1m[35m (8.5ms)[0m  [1m[35mCREATE  INDEX  "index_orders_on_state_id" ON "orders"  ("state_id")[0m
  [1m[35m (0.5ms)[0m  [1m[35mDROP TABLE IF EXISTS "states" CASCADE[0m
  [1m[35m (26.2ms)[0m  [1m[35mCREATE TABLE "states" ("id" bigserial primary key, "state_name" character varying, "created_at" timestamp NOT NULL, "updated_at" timestamp NOT NULL)[0m
  [1m[35m (8.0ms)[0m  [1m[35mALTER TABLE "customers" ADD CONSTRAINT "fk_rails_595506fbcf"
FOREIGN KEY ("country_id")
  REFERENCES "countries" ("id")
[0m
  [1m[35m (2.0ms)[0m  [1m[35mALTER TABLE "customers" ADD CONSTRAINT "fk_rails_1f7dd77c24"
FOREIGN KEY ("state_id")
  REFERENCES "states" ("id")
[0m
  [1m[35m (2.0ms)[0m  [1m[35mALTER TABLE "images" ADD CONSTRAINT "fk_rails_63c410e8ba"
FOREIGN KEY ("item_id")
  REFERENCES "items" ("id")
[0m
  [1m[35m (2.0ms)[0m  [1m[35mALTER TABLE "order_contents" ADD CONSTRAINT "fk_rails_028957d151"
FOREIGN KEY ("item_id")
  REFERENCES "items" ("id")
[0m
  [1m[35m (3.0ms)[0m  [1m[35mALTER TABLE "order_contents" ADD CONSTRAINT "fk_rails_f9acd48799"
FOREIGN KEY ("order_id")
  REFERENCES "orders" ("id")
[0m
  [1m[35m (2.0ms)[0m  [1m[35mALTER TABLE "orders" ADD CONSTRAINT "fk_rails_8ff9bc5459"
FOREIGN KEY ("country_id")
  REFERENCES "countries" ("id")
[0m
  [1m[35m (2.0ms)[0m  [1m[35mALTER TABLE "orders" ADD CONSTRAINT "fk_rails_3dad120da9"
FOREIGN KEY ("customer_id")
  REFERENCES "customers" ("id")
[0m
  [1m[35m (2.0ms)[0m  [1m[35mALTER TABLE "orders" ADD CONSTRAINT "fk_rails_7a22cf8b0e"
FOREIGN KEY ("order_status_id")
  REFERENCES "order_statuses" ("id")
[0m
  [1m[35m (1.0ms)[0m  [1m[35mALTER TABLE "orders" ADD CONSTRAINT "fk_rails_ce84ab09b6"
FOREIGN KEY ("state_id")
  REFERENCES "states" ("id")
[0m
  [1m[35m (21.1ms)[0m  [1m[35mCREATE TABLE "schema_migrations" ("version" character varying NOT NULL PRIMARY KEY)[0m
  [1m[35m (1.5ms)[0m  [1m[34mSELECT "schema_migrations"."version" FROM "schema_migrations" ORDER BY "schema_migrations"."version" ASC[0m
  [1m[35m (1.5ms)[0m  [1m[32mINSERT INTO "schema_migrations" (version) VALUES (20171107124451)[0m
  [1m[35m (0.4ms)[0m  [1m[32mINSERT INTO "schema_migrations" (version) VALUES
(20171007025319),
(20171007025433),
(20171007025523),
(20171007031248),
(20171007032255),
(20171007032812),
(20171007033135),
(20171010210839),
(20171101140814),
(20171101140856),
(20171101204334),
(20171104154945),
(20171107124336);

[0m
  [1m[35m (22.0ms)[0m  [1m[35mCREATE TABLE "ar_internal_metadata" ("key" character varying NOT NULL PRIMARY KEY, "value" character varying, "created_at" timestamp NOT NULL, "updated_at" timestamp NOT NULL)[0m
  [1m[36mActiveRecord::InternalMetadata Load (0.0ms)[0m  [1m[34mSELECT  "ar_internal_metadata".* FROM "ar_internal_metadata" WHERE "ar_internal_metadata"."key" = $1 LIMIT $2[0m  [["key", "environment"], ["LIMIT", 1]]
  [1m[35m (0.0ms)[0m  [1m[35mBEGIN[0m
  [1m[35mSQL (2.0ms)[0m  [1m[32mINSERT INTO "ar_internal_metadata" ("key", "value", "created_at", "updated_at") VALUES ($1, $2, $3, $4) RETURNING "key"[0m  [["key", "environment"], ["value", "development"], ["created_at", "2017-11-07 17:52:22.453555"], ["updated_at", "2017-11-07 17:52:22.453555"]]
  [1m[35m (0.0ms)[0m  [1m[35mCOMMIT[0m
  [1m[36mActiveRecord::InternalMetadata Load (0.0ms)[0m  [1m[34mSELECT  "ar_internal_metadata".* FROM "ar_internal_metadata" WHERE "ar_internal_metadata"."key" = $1 LIMIT $2[0m  [["key", "environment"], ["LIMIT", 1]]
  [1m[35m (0.0ms)[0m  [1m[35mBEGIN[0m
  [1m[35m (0.0ms)[0m  [1m[35mCOMMIT[0m
  [1m[35mSQL (1.0ms)[0m  [1m[35mCREATE EXTENSION IF NOT EXISTS "plpgsql"[0m
  [1m[35m (1.0ms)[0m  [1m[35mDROP TABLE IF EXISTS "countries" CASCADE[0m
  [1m[35m (33.1ms)[0m  [1m[35mCREATE TABLE "countries" ("id" bigserial primary key, "country_name" character varying, "created_at" timestamp NOT NULL, "updated_at" timestamp NOT NULL)[0m
  [1m[35m (3.0ms)[0m  [1m[35mDROP TABLE IF EXISTS "customers" CASCADE[0m
  [1m[35m (58.2ms)[0m  [1m[35mCREATE TABLE "customers" ("id" bigserial primary key, "email" character varying DEFAULT '' NOT NULL, "encrypted_password" character varying DEFAULT '' NOT NULL, "reset_password_token" character varying, "reset_password_sent_at" timestamp, "remember_created_at" timestamp, "sign_in_count" integer DEFAULT 0 NOT NULL, "current_sign_in_at" timestamp, "last_sign_in_at" timestamp, "current_sign_in_ip" inet, "last_sign_in_ip" inet, "first_name" character varying, "last_name" character varying, "address" character varying, "city" character varying, "state_id" bigint, "country_id" bigint, "zip" integer, "created_at" timestamp NOT NULL, "updated_at" timestamp NOT NULL, "active" boolean, "phone" integer, "admin" boolean DEFAULT 'f')[0m
  [1m[35m (11.0ms)[0m  [1m[35mCREATE  INDEX  "index_customers_on_country_id" ON "customers"  ("country_id")[0m
  [1m[35m (12.0ms)[0m  [1m[35mCREATE UNIQUE INDEX  "index_customers_on_email" ON "customers"  ("email")[0m
  [1m[35m (9.0ms)[0m  [1m[35mCREATE UNIQUE INDEX  "index_customers_on_reset_password_token" ON "customers"  ("reset_password_token")[0m
  [1m[35m (12.0ms)[0m  [1m[35mCREATE  INDEX  "index_customers_on_state_id" ON "customers"  ("state_id")[0m
  [1m[35m (0.0ms)[0m  [1m[35mDROP TABLE IF EXISTS "images" CASCADE[0m
  [1m[35m (24.1ms)[0m  [1m[35mCREATE TABLE "images" ("id" bigserial primary key, "item_id" bigint, "created_at" timestamp NOT NULL, "updated_at" timestamp NOT NULL, "file_file_name" character varying, "file_content_type" character varying, "file_file_size" integer, "file_updated_at" timestamp)[0m
  [1m[35m (8.0ms)[0m  [1m[35mCREATE  INDEX  "index_images_on_item_id" ON "images"  ("item_id")[0m
  [1m[35m (0.5ms)[0m  [1m[35mDROP TABLE IF EXISTS "items" CASCADE[0m
  [1m[35m (30.7ms)[0m  [1m[35mCREATE TABLE "items" ("id" bigserial primary key, "name" character varying, "description" character varying, "available" boolean DEFAULT 't' NOT NULL, "created_at" timestamp NOT NULL, "updated_at" timestamp NOT NULL, "price" decimal, "picture_file_name" character varying, "picture_content_type" character varying, "picture_file_size" integer, "picture_updated_at" timestamp)[0m
  [1m[35m (2.0ms)[0m  [1m[35mDROP TABLE IF EXISTS "order_contents" CASCADE[0m
  [1m[35m (14.0ms)[0m  [1m[35mCREATE TABLE "order_contents" ("id" bigserial primary key, "order_id" bigint, "item_id" bigint, "qty" integer, "created_at" timestamp NOT NULL, "updated_at" timestamp NOT NULL)[0m
  [1m[35m (9.0ms)[0m  [1m[35mCREATE  INDEX  "index_order_contents_on_item_id" ON "order_contents"  ("item_id")[0m
  [1m[35m (9.0ms)[0m  [1m[35mCREATE  INDEX  "index_order_contents_on_order_id" ON "order_contents"  ("order_id")[0m
  [1m[35m (0.0ms)[0m  [1m[35mDROP TABLE IF EXISTS "order_statuses" CASCADE[0m
  [1m[35m (30.1ms)[0m  [1m[35mCREATE TABLE "order_statuses" ("id" bigserial primary key, "status" character varying, "created_at" timestamp NOT NULL, "updated_at" timestamp NOT NULL)[0m
  [1m[35m (2.0ms)[0m  [1m[35mDROP TABLE IF EXISTS "orders" CASCADE[0m
  [1m[35m (26.1ms)[0m  [1m[35mCREATE TABLE "orders" ("id" bigserial primary key, "total" decimal, "notes" character varying, "customer_id" bigint, "order_status_id" bigint, "address" character varying, "city" character varying, "state_id" bigint, "country_id" bigint, "zip" integer, "stripe_key" character varying, "created_at" timestamp NOT NULL, "updated_at" timestamp NOT NULL)[0m
  [1m[35m (8.0ms)[0m  [1m[35mCREATE  INDEX  "index_orders_on_country_id" ON "orders"  ("country_id")[0m
  [1m[35m (10.0ms)[0m  [1m[35mCREATE  INDEX  "index_orders_on_customer_id" ON "orders"  ("customer_id")[0m
  [1m[35m (8.0ms)[0m  [1m[35mCREATE  INDEX  "index_orders_on_order_status_id" ON "orders"  ("order_status_id")[0m
  [1m[35m (11.5ms)[0m  [1m[35mCREATE  INDEX  "index_orders_on_state_id" ON "orders"  ("state_id")[0m
  [1m[35m (0.5ms)[0m  [1m[35mDROP TABLE IF EXISTS "states" CASCADE[0m
  [1m[35m (22.1ms)[0m  [1m[35mCREATE TABLE "states" ("id" bigserial primary key, "state_name" character varying, "created_at" timestamp NOT NULL, "updated_at" timestamp NOT NULL)[0m
  [1m[35m (6.0ms)[0m  [1m[35mALTER TABLE "customers" ADD CONSTRAINT "fk_rails_595506fbcf"
FOREIGN KEY ("country_id")
  REFERENCES "countries" ("id")
[0m
  [1m[35m (1.0ms)[0m  [1m[35mALTER TABLE "customers" ADD CONSTRAINT "fk_rails_1f7dd77c24"
FOREIGN KEY ("state_id")
  REFERENCES "states" ("id")
[0m
  [1m[35m (2.0ms)[0m  [1m[35mALTER TABLE "images" ADD CONSTRAINT "fk_rails_63c410e8ba"
FOREIGN KEY ("item_id")
  REFERENCES "items" ("id")
[0m
  [1m[35m (2.0ms)[0m  [1m[35mALTER TABLE "order_contents" ADD CONSTRAINT "fk_rails_028957d151"
FOREIGN KEY ("item_id")
  REFERENCES "items" ("id")
[0m
  [1m[35m (2.0ms)[0m  [1m[35mALTER TABLE "order_contents" ADD CONSTRAINT "fk_rails_f9acd48799"
FOREIGN KEY ("order_id")
  REFERENCES "orders" ("id")
[0m
  [1m[35m (2.0ms)[0m  [1m[35mALTER TABLE "orders" ADD CONSTRAINT "fk_rails_8ff9bc5459"
FOREIGN KEY ("country_id")
  REFERENCES "countries" ("id")
[0m
  [1m[35m (1.0ms)[0m  [1m[35mALTER TABLE "orders" ADD CONSTRAINT "fk_rails_3dad120da9"
FOREIGN KEY ("customer_id")
  REFERENCES "customers" ("id")
[0m
  [1m[35m (3.0ms)[0m  [1m[35mALTER TABLE "orders" ADD CONSTRAINT "fk_rails_7a22cf8b0e"
FOREIGN KEY ("order_status_id")
  REFERENCES "order_statuses" ("id")
[0m
  [1m[35m (3.0ms)[0m  [1m[35mALTER TABLE "orders" ADD CONSTRAINT "fk_rails_ce84ab09b6"
FOREIGN KEY ("state_id")
  REFERENCES "states" ("id")
[0m
  [1m[35m (26.5ms)[0m  [1m[35mCREATE TABLE "schema_migrations" ("version" character varying NOT NULL PRIMARY KEY)[0m
  [1m[35m (1.0ms)[0m  [1m[34mSELECT "schema_migrations"."version" FROM "schema_migrations" ORDER BY "schema_migrations"."version" ASC[0m
  [1m[35m (0.5ms)[0m  [1m[32mINSERT INTO "schema_migrations" (version) VALUES (20171107124451)[0m
  [1m[35m (0.0ms)[0m  [1m[32mINSERT INTO "schema_migrations" (version) VALUES
(20171007025319),
(20171007025433),
(20171007025523),
(20171007031248),
(20171007032255),
(20171007032812),
(20171007033135),
(20171010210839),
(20171101140814),
(20171101140856),
(20171101204334),
(20171104154945),
(20171107124336);

[0m
  [1m[35m (20.1ms)[0m  [1m[35mCREATE TABLE "ar_internal_metadata" ("key" character varying NOT NULL PRIMARY KEY, "value" character varying, "created_at" timestamp NOT NULL, "updated_at" timestamp NOT NULL)[0m
  [1m[36mActiveRecord::InternalMetadata Load (1.0ms)[0m  [1m[34mSELECT  "ar_internal_metadata".* FROM "ar_internal_metadata" WHERE "ar_internal_metadata"."key" = $1 LIMIT $2[0m  [["key", "environment"], ["LIMIT", 1]]
  [1m[35m (0.0ms)[0m  [1m[35mBEGIN[0m
  [1m[35mSQL (1.0ms)[0m  [1m[32mINSERT INTO "ar_internal_metadata" ("key", "value", "created_at", "updated_at") VALUES ($1, $2, $3, $4) RETURNING "key"[0m  [["key", "environment"], ["value", "development"], ["created_at", "2017-11-07 17:52:23.060532"], ["updated_at", "2017-11-07 17:52:23.060532"]]
  [1m[35m (0.0ms)[0m  [1m[35mCOMMIT[0m
  [1m[36mActiveRecord::InternalMetadata Load (1.0ms)[0m  [1m[34mSELECT  "ar_internal_metadata".* FROM "ar_internal_metadata" WHERE "ar_internal_metadata"."key" = $1 LIMIT $2[0m  [["key", "environment"], ["LIMIT", 1]]
  [1m[35m (0.0ms)[0m  [1m[35mBEGIN[0m
  [1m[35m (0.0ms)[0m  [1m[35mCOMMIT[0m
  [1m[35m (1.0ms)[0m  [1m[34mSELECT "schema_migrations"."version" FROM "schema_migrations" ORDER BY "schema_migrations"."version" ASC[0m
  [1m[35m (0.0ms)[0m  [1m[35mBEGIN[0m
  [1m[35mSQL (2.0ms)[0m  [1m[32mINSERT INTO "items" ("name", "description", "created_at", "updated_at", "price") VALUES ($1, $2, $3, $4, $5) RETURNING "id"[0m  [["name", "Basket #1"], ["description", "20% goes to charity"], ["created_at", "2017-11-07 17:52:23.137712"], ["updated_at", "2017-11-07 17:52:23.137712"], ["price", "150.0"]]
  [1m[35m (6.0ms)[0m  [1m[35mCOMMIT[0m
  [1m[35m (0.0ms)[0m  [1m[35mBEGIN[0m
  [1m[35mSQL (0.0ms)[0m  [1m[32mINSERT INTO "items" ("name", "description", "created_at", "updated_at", "price") VALUES ($1, $2, $3, $4, $5) RETURNING "id"[0m  [["name", "Basket #2"], ["description", "This basket is so pretty"], ["created_at", "2017-11-07 17:52:23.148741"], ["updated_at", "2017-11-07 17:52:23.148741"], ["price", "200.0"]]
  [1m[35m (0.0ms)[0m  [1m[35mCOMMIT[0m
  [1m[35m (0.0ms)[0m  [1m[35mBEGIN[0m
  [1m[35mSQL (0.0ms)[0m  [1m[32mINSERT INTO "items" ("name", "description", "created_at", "updated_at", "price") VALUES ($1, $2, $3, $4, $5) RETURNING "id"[0m  [["name", "Basket #3"], ["description", "Houston themed basket"], ["created_at", "2017-11-07 17:52:23.151748"], ["updated_at", "2017-11-07 17:52:23.151748"], ["price", "250.0"]]
  [1m[35m (0.0ms)[0m  [1m[35mCOMMIT[0m
  [1m[35m (1.0ms)[0m  [1m[35mBEGIN[0m
  [1m[35mSQL (0.0ms)[0m  [1m[32mINSERT INTO "items" ("name", "description", "created_at", "updated_at", "price") VALUES ($1, $2, $3, $4, $5) RETURNING "id"[0m  [["name", "Basket #4"], ["description", "Houston themed basket"], ["created_at", "2017-11-07 17:52:23.154757"], ["updated_at", "2017-11-07 17:52:23.154757"], ["price", "250.0"]]
  [1m[35m (0.0ms)[0m  [1m[35mCOMMIT[0m
  [1m[35m (0.0ms)[0m  [1m[35mBEGIN[0m
  [1m[35mSQL (0.0ms)[0m  [1m[32mINSERT INTO "items" ("name", "description", "created_at", "updated_at", "price") VALUES ($1, $2, $3, $4, $5) RETURNING "id"[0m  [["name", "Basket #5"], ["description", "Houston themed basket"], ["created_at", "2017-11-07 17:52:23.158768"], ["updated_at", "2017-11-07 17:52:23.158768"], ["price", "250.0"]]
  [1m[35m (0.0ms)[0m  [1m[35mCOMMIT[0m
  [1m[35m (1.0ms)[0m  [1m[35mBEGIN[0m
  [1m[35mSQL (0.0ms)[0m  [1m[32mINSERT INTO "items" ("name", "description", "created_at", "updated_at", "price") VALUES ($1, $2, $3, $4, $5) RETURNING "id"[0m  [["name", "Basket #6"], ["description", "Houston themed basket"], ["created_at", "2017-11-07 17:52:23.161775"], ["updated_at", "2017-11-07 17:52:23.161775"], ["price", "250.0"]]
  [1m[35m (0.0ms)[0m  [1m[35mCOMMIT[0m
  [1m[35m (1.0ms)[0m  [1m[35mBEGIN[0m
  [1m[35mSQL (0.0ms)[0m  [1m[32mINSERT INTO "items" ("name", "description", "created_at", "updated_at", "price") VALUES ($1, $2, $3, $4, $5) RETURNING "id"[0m  [["name", "Basket #7"], ["description", "Houston themed basket"], ["created_at", "2017-11-07 17:52:23.164784"], ["updated_at", "2017-11-07 17:52:23.164784"], ["price", "250.0"]]
  [1m[35m (0.0ms)[0m  [1m[35mCOMMIT[0m
  [1m[35m (0.0ms)[0m  [1m[35mBEGIN[0m
  [1m[35mSQL (0.0ms)[0m  [1m[32mINSERT INTO "items" ("name", "description", "created_at", "updated_at", "price") VALUES ($1, $2, $3, $4, $5) RETURNING "id"[0m  [["name", "Basket #8"], ["description", "Houston themed basket"], ["created_at", "2017-11-07 17:52:23.167793"], ["updated_at", "2017-11-07 17:52:23.167793"], ["price", "250.0"]]
  [1m[35m (0.0ms)[0m  [1m[35mCOMMIT[0m
  [1m[35m (0.0ms)[0m  [1m[35mBEGIN[0m
  [1m[35mSQL (0.0ms)[0m  [1m[32mINSERT INTO "items" ("name", "description", "created_at", "updated_at", "price") VALUES ($1, $2, $3, $4, $5) RETURNING "id"[0m  [["name", "Basket #9"], ["description", "Houston themed basket"], ["created_at", "2017-11-07 17:52:23.170799"], ["updated_at", "2017-11-07 17:52:23.170799"], ["price", "250.0"]]
  [1m[35m (0.0ms)[0m  [1m[35mCOMMIT[0m
  [1m[35m (0.0ms)[0m  [1m[35mBEGIN[0m
  [1m[35mSQL (0.0ms)[0m  [1m[32mINSERT INTO "items" ("name", "description", "created_at", "updated_at", "price") VALUES ($1, $2, $3, $4, $5) RETURNING "id"[0m  [["name", "Basket #10"], ["description", "Houston themed basket"], ["created_at", "2017-11-07 17:52:23.173808"], ["updated_at", "2017-11-07 17:52:23.173808"], ["price", "400.0"]]
  [1m[35m (1.0ms)[0m  [1m[35mCOMMIT[0m
  [1m[35m (0.0ms)[0m  [1m[35mBEGIN[0m
  [1m[35mSQL (0.0ms)[0m  [1m[32mINSERT INTO "items" ("name", "description", "created_at", "updated_at", "price") VALUES ($1, $2, $3, $4, $5) RETURNING "id"[0m  [["name", "Basket #11"], ["description", "Houston themed basket"], ["created_at", "2017-11-07 17:52:23.175812"], ["updated_at", "2017-11-07 17:52:23.175812"], ["price", "250.0"]]
  [1m[35m (1.0ms)[0m  [1m[35mCOMMIT[0m
  [1m[35m (0.0ms)[0m  [1m[35mBEGIN[0m
  [1m[35mSQL (0.0ms)[0m  [1m[32mINSERT INTO "items" ("name", "description", "created_at", "updated_at", "price") VALUES ($1, $2, $3, $4, $5) RETURNING "id"[0m  [["name", "Basket #12"], ["description", "Houston themed basket"], ["created_at", "2017-11-07 17:52:23.177819"], ["updated_at", "2017-11-07 17:52:23.177819"], ["price", "350.0"]]
  [1m[35m (0.0ms)[0m  [1m[35mCOMMIT[0m
  [1m[35m (0.0ms)[0m  [1m[35mBEGIN[0m
  [1m[35mSQL (1.0ms)[0m  [1m[32mINSERT INTO "items" ("name", "description", "created_at", "updated_at", "price") VALUES ($1, $2, $3, $4, $5) RETURNING "id"[0m  [["name", "Basket #13"], ["description", "Houston themed basket"], ["created_at", "2017-11-07 17:52:23.179825"], ["updated_at", "2017-11-07 17:52:23.179825"], ["price", "250.0"]]
  [1m[35m (0.0ms)[0m  [1m[35mCOMMIT[0m
  [1m[35m (0.0ms)[0m  [1m[35mBEGIN[0m
  [1m[35mSQL (1.0ms)[0m  [1m[32mINSERT INTO "items" ("name", "description", "created_at", "updated_at", "price") VALUES ($1, $2, $3, $4, $5) RETURNING "id"[0m  [["name", "Basket #14"], ["description", "Houston themed basket"], ["created_at", "2017-11-07 17:52:23.182832"], ["updated_at", "2017-11-07 17:52:23.182832"], ["price", "250.0"]]
  [1m[35m (0.0ms)[0m  [1m[35mCOMMIT[0m
  [1m[35m (0.0ms)[0m  [1m[35mBEGIN[0m
  [1m[35mSQL (1.0ms)[0m  [1m[32mINSERT INTO "items" ("name", "description", "created_at", "updated_at", "price") VALUES ($1, $2, $3, $4, $5) RETURNING "id"[0m  [["name", "Basket #15"], ["description", "Houston themed basket"], ["created_at", "2017-11-07 17:52:23.184837"], ["updated_at", "2017-11-07 17:52:23.184837"], ["price", "250.0"]]
  [1m[35m (0.0ms)[0m  [1m[35mCOMMIT[0m
  [1m[35m (0.0ms)[0m  [1m[35mBEGIN[0m
  [1m[35mSQL (0.0ms)[0m  [1m[32mINSERT INTO "items" ("name", "description", "created_at", "updated_at", "price") VALUES ($1, $2, $3, $4, $5) RETURNING "id"[0m  [["name", "Basket #16"], ["description", "Houston themed basket"], ["created_at", "2017-11-07 17:52:23.188848"], ["updated_at", "2017-11-07 17:52:23.188848"], ["price", "250.0"]]
  [1m[35m (0.0ms)[0m  [1m[35mCOMMIT[0m
  [1m[35m (1.0ms)[0m  [1m[35mBEGIN[0m
  [1m[35mSQL (1.0ms)[0m  [1m[32mINSERT INTO "items" ("name", "description", "created_at", "updated_at", "price") VALUES ($1, $2, $3, $4, $5) RETURNING "id"[0m  [["name", "Basket #17"], ["description", "Houston themed basket"], ["created_at", "2017-11-07 17:52:23.191856"], ["updated_at", "2017-11-07 17:52:23.191856"], ["price", "250.0"]]
  [1m[35m (1.0ms)[0m  [1m[35mCOMMIT[0m
  [1m[35m (1.0ms)[0m  [1m[35mBEGIN[0m
  [1m[35mSQL (1.0ms)[0m  [1m[32mINSERT INTO "items" ("name", "description", "created_at", "updated_at", "price") VALUES ($1, $2, $3, $4, $5) RETURNING "id"[0m  [["name", "Basket #18"], ["description", "Houston themed basket"], ["created_at", "2017-11-07 17:52:23.194864"], ["updated_at", "2017-11-07 17:52:23.194864"], ["price", "250.0"]]
  [1m[35m (1.0ms)[0m  [1m[35mCOMMIT[0m
  [1m[35m (0.0ms)[0m  [1m[35mBEGIN[0m
  [1m[35mSQL (0.0ms)[0m  [1m[32mINSERT INTO "items" ("name", "description", "created_at", "updated_at", "price") VALUES ($1, $2, $3, $4, $5) RETURNING "id"[0m  [["name", "Basket #19"], ["description", "Houston themed basket"], ["created_at", "2017-11-07 17:52:23.198874"], ["updated_at", "2017-11-07 17:52:23.198874"], ["price", "250.0"]]
  [1m[35m (1.0ms)[0m  [1m[35mCOMMIT[0m
  [1m[35m (0.0ms)[0m  [1m[35mBEGIN[0m
  [1m[35mSQL (0.0ms)[0m  [1m[32mINSERT INTO "items" ("name", "description", "created_at", "updated_at", "price") VALUES ($1, $2, $3, $4, $5) RETURNING "id"[0m  [["name", "Basket #20"], ["description", "Houston themed basket"], ["created_at", "2017-11-07 17:52:23.200879"], ["updated_at", "2017-11-07 17:52:23.200879"], ["price", "250.0"]]
  [1m[35m (0.0ms)[0m  [1m[35mCOMMIT[0m
  [1m[35m (0.0ms)[0m  [1m[35mBEGIN[0m
  [1m[35mSQL (1.0ms)[0m  [1m[32mINSERT INTO "items" ("name", "description", "created_at", "updated_at", "price") VALUES ($1, $2, $3, $4, $5) RETURNING "id"[0m  [["name", "Basket #21"], ["description", "Houston themed basket"], ["created_at", "2017-11-07 17:52:23.203887"], ["updated_at", "2017-11-07 17:52:23.203887"], ["price", "250.0"]]
  [1m[35m (1.0ms)[0m  [1m[35mCOMMIT[0m
  [1m[35m (0.0ms)[0m  [1m[35mBEGIN[0m
  [1m[35mSQL (0.0ms)[0m  [1m[32mINSERT INTO "items" ("name", "description", "created_at", "updated_at", "price") VALUES ($1, $2, $3, $4, $5) RETURNING "id"[0m  [["name", "Basket #22"], ["description", "Houston themed basket"], ["created_at", "2017-11-07 17:52:23.205893"], ["updated_at", "2017-11-07 17:52:23.205893"], ["price", "250.0"]]
  [1m[35m (1.0ms)[0m  [1m[35mCOMMIT[0m
  [1m[35m (0.0ms)[0m  [1m[35mBEGIN[0m
  [1m[35mSQL (0.0ms)[0m  [1m[32mINSERT INTO "items" ("name", "description", "created_at", "updated_at", "price") VALUES ($1, $2, $3, $4, $5) RETURNING "id"[0m  [["name", "Basket #23"], ["description", "Houston themed basket"], ["created_at", "2017-11-07 17:52:23.207899"], ["updated_at", "2017-11-07 17:52:23.207899"], ["price", "250.0"]]
  [1m[35m (0.0ms)[0m  [1m[35mCOMMIT[0m
  [1m[35m (0.0ms)[0m  [1m[35mBEGIN[0m
  [1m[35mSQL (0.0ms)[0m  [1m[32mINSERT INTO "items" ("name", "description", "created_at", "updated_at", "price") VALUES ($1, $2, $3, $4, $5) RETURNING "id"[0m  [["name", "Basket #24"], ["description", "Houston themed basket"], ["created_at", "2017-11-07 17:52:23.210907"], ["updated_at", "2017-11-07 17:52:23.210907"], ["price", "250.0"]]
  [1m[35m (0.0ms)[0m  [1m[35mCOMMIT[0m
  [1m[35m (0.0ms)[0m  [1m[35mBEGIN[0m
  [1m[35mSQL (1.0ms)[0m  [1m[32mINSERT INTO "order_statuses" ("status", "created_at", "updated_at") VALUES ($1, $2, $3) RETURNING "id"[0m  [["status", "Placed"], ["created_at", "2017-11-07 17:52:23.228456"], ["updated_at", "2017-11-07 17:52:23.228456"]]
  [1m[35m (0.0ms)[0m  [1m[35mCOMMIT[0m
  [1m[35m (0.0ms)[0m  [1m[35mBEGIN[0m
  [1m[35mSQL (0.0ms)[0m  [1m[32mINSERT INTO "order_statuses" ("status", "created_at", "updated_at") VALUES ($1, $2, $3) RETURNING "id"[0m  [["status", "Processed"], ["created_at", "2017-11-07 17:52:23.231965"], ["updated_at", "2017-11-07 17:52:23.231965"]]
  [1m[35m (0.5ms)[0m  [1m[35mCOMMIT[0m
  [1m[35m (0.0ms)[0m  [1m[35mBEGIN[0m
  [1m[35mSQL (0.5ms)[0m  [1m[32mINSERT INTO "order_statuses" ("status", "created_at", "updated_at") VALUES ($1, $2, $3) RETURNING "id"[0m  [["status", "Shipped"], ["created_at", "2017-11-07 17:52:23.233971"], ["updated_at", "2017-11-07 17:52:23.233971"]]
  [1m[35m (0.5ms)[0m  [1m[35mCOMMIT[0m
  [1m[35m (0.0ms)[0m  [1m[35mBEGIN[0m
  [1m[35mSQL (0.0ms)[0m  [1m[32mINSERT INTO "order_statuses" ("status", "created_at", "updated_at") VALUES ($1, $2, $3) RETURNING "id"[0m  [["status", "Completed"], ["created_at", "2017-11-07 17:52:23.236476"], ["updated_at", "2017-11-07 17:52:23.236476"]]
  [1m[35m (0.0ms)[0m  [1m[35mCOMMIT[0m
  [1m[35m (0.0ms)[0m  [1m[35mBEGIN[0m
  [1m[35mSQL (1.0ms)[0m  [1m[32mINSERT INTO "states" ("state_name", "created_at", "updated_at") VALUES ($1, $2, $3) RETURNING "id"[0m  [["state_name", "Alabama"], ["created_at", "2017-11-07 17:52:23.252021"], ["updated_at", "2017-11-07 17:52:23.252021"]]
  [1m[35m (0.0ms)[0m  [1m[35mCOMMIT[0m
  [1m[35m (0.0ms)[0m  [1m[35mBEGIN[0m
  [1m[35mSQL (1.0ms)[0m  [1m[32mINSERT INTO "states" ("state_name", "created_at", "updated_at") VALUES ($1, $2, $3) RETURNING "id"[0m  [["state_name", "Alaska"], ["created_at", "2017-11-07 17:52:23.256032"], ["updated_at", "2017-11-07 17:52:23.256032"]]
  [1m[35m (0.0ms)[0m  [1m[35mCOMMIT[0m
  [1m[35m (1.0ms)[0m  [1m[35mBEGIN[0m
  [1m[35mSQL (1.0ms)[0m  [1m[32mINSERT INTO "states" ("state_name", "created_at", "updated_at") VALUES ($1, $2, $3) RETURNING "id"[0m  [["state_name", "Arizona"], ["created_at", "2017-11-07 17:52:23.258038"], ["updated_at", "2017-11-07 17:52:23.258038"]]
  [1m[35m (0.0ms)[0m  [1m[35mCOMMIT[0m
  [1m[35m (0.0ms)[0m  [1m[35mBEGIN[0m
  [1m[35mSQL (0.0ms)[0m  [1m[32mINSERT INTO "states" ("state_name", "created_at", "updated_at") VALUES ($1, $2, $3) RETURNING "id"[0m  [["state_name", "Arkansas"], ["created_at", "2017-11-07 17:52:23.260042"], ["updated_at", "2017-11-07 17:52:23.260042"]]
  [1m[35m (0.0ms)[0m  [1m[35mCOMMIT[0m
  [1m[35m (0.0ms)[0m  [1m[35mBEGIN[0m
  [1m[35mSQL (0.0ms)[0m  [1m[32mINSERT INTO "states" ("state_name", "created_at", "updated_at") VALUES ($1, $2, $3) RETURNING "id"[0m  [["state_name", "California"], ["created_at", "2017-11-07 17:52:23.261044"], ["updated_at", "2017-11-07 17:52:23.261044"]]
  [1m[35m (1.0ms)[0m  [1m[35mCOMMIT[0m
  [1m[35m (0.0ms)[0m  [1m[35mBEGIN[0m
  [1m[35mSQL (0.0ms)[0m  [1m[32mINSERT INTO "states" ("state_name", "created_at", "updated_at") VALUES ($1, $2, $3) RETURNING "id"[0m  [["state_name", "Colorado"], ["created_at", "2017-11-07 17:52:23.263049"], ["updated_at", "2017-11-07 17:52:23.263049"]]
  [1m[35m (1.0ms)[0m  [1m[35mCOMMIT[0m
  [1m[35m (0.0ms)[0m  [1m[35mBEGIN[0m
  [1m[35mSQL (0.0ms)[0m  [1m[32mINSERT INTO "states" ("state_name", "created_at", "updated_at") VALUES ($1, $2, $3) RETURNING "id"[0m  [["state_name", "Connecticut"], ["created_at", "2017-11-07 17:52:23.265055"], ["updated_at", "2017-11-07 17:52:23.265055"]]
  [1m[35m (1.0ms)[0m  [1m[35mCOMMIT[0m
  [1m[35m (0.0ms)[0m  [1m[35mBEGIN[0m
  [1m[35mSQL (0.0ms)[0m  [1m[32mINSERT INTO "states" ("state_name", "created_at", "updated_at") VALUES ($1, $2, $3) RETURNING "id"[0m  [["state_name", "Delaware"], ["created_at", "2017-11-07 17:52:23.267060"], ["updated_at", "2017-11-07 17:52:23.267060"]]
  [1m[35m (0.0ms)[0m  [1m[35mCOMMIT[0m
  [1m[35m (0.0ms)[0m  [1m[35mBEGIN[0m
  [1m[35mSQL (0.0ms)[0m  [1m[32mINSERT INTO "states" ("state_name", "created_at", "updated_at") VALUES ($1, $2, $3) RETURNING "id"[0m  [["state_name", "District of Columbia"], ["created_at", "2017-11-07 17:52:23.269067"], ["updated_at", "2017-11-07 17:52:23.269067"]]
  [1m[35m (0.0ms)[0m  [1m[35mCOMMIT[0m
  [1m[35m (0.0ms)[0m  [1m[35mBEGIN[0m
  [1m[35mSQL (0.0ms)[0m  [1m[32mINSERT INTO "states" ("state_name", "created_at", "updated_at") VALUES ($1, $2, $3) RETURNING "id"[0m  [["state_name", "Florida"], ["created_at", "2017-11-07 17:52:23.271071"], ["updated_at", "2017-11-07 17:52:23.271071"]]
  [1m[35m (0.0ms)[0m  [1m[35mCOMMIT[0m
  [1m[35m (0.0ms)[0m  [1m[35mBEGIN[0m
  [1m[35mSQL (1.0ms)[0m  [1m[32mINSERT INTO "states" ("state_name", "created_at", "updated_at") VALUES ($1, $2, $3) RETURNING "id"[0m  [["state_name", "Georgia"], ["created_at", "2017-11-07 17:52:23.273077"], ["updated_at", "2017-11-07 17:52:23.273077"]]
  [1m[35m (0.0ms)[0m  [1m[35mCOMMIT[0m
  [1m[35m (0.0ms)[0m  [1m[35mBEGIN[0m
  [1m[35mSQL (1.0ms)[0m  [1m[32mINSERT INTO "states" ("state_name", "created_at", "updated_at") VALUES ($1, $2, $3) RETURNING "id"[0m  [["state_name", "Hawaii"], ["created_at", "2017-11-07 17:52:23.275083"], ["updated_at", "2017-11-07 17:52:23.275083"]]
  [1m[35m (0.0ms)[0m  [1m[35mCOMMIT[0m
  [1m[35m (0.0ms)[0m  [1m[35mBEGIN[0m
  [1m[35mSQL (1.0ms)[0m  [1m[32mINSERT INTO "states" ("state_name", "created_at", "updated_at") VALUES ($1, $2, $3) RETURNING "id"[0m  [["state_name", "Idaho"], ["created_at", "2017-11-07 17:52:23.277089"], ["updated_at", "2017-11-07 17:52:23.277089"]]
  [1m[35m (0.0ms)[0m  [1m[35mCOMMIT[0m
  [1m[35m (0.0ms)[0m  [1m[35mBEGIN[0m
  [1m[35mSQL (0.9ms)[0m  [1m[32mINSERT INTO "states" ("state_name", "created_at", "updated_at") VALUES ($1, $2, $3) RETURNING "id"[0m  [["state_name", "Illinois"], ["created_at", "2017-11-07 17:52:23.279169"], ["updated_at", "2017-11-07 17:52:23.279169"]]
  [1m[35m (0.0ms)[0m  [1m[35mCOMMIT[0m
  [1m[35m (0.0ms)[0m  [1m[35mBEGIN[0m
  [1m[35mSQL (0.0ms)[0m  [1m[32mINSERT INTO "states" ("state_name", "created_at", "updated_at") VALUES ($1, $2, $3) RETURNING "id"[0m  [["state_name", "Indiana"], ["created_at", "2017-11-07 17:52:23.281098"], ["updated_at", "2017-11-07 17:52:23.281098"]]
  [1m[35m (0.0ms)[0m  [1m[35mCOMMIT[0m
  [1m[35m (0.0ms)[0m  [1m[35mBEGIN[0m
  [1m[35mSQL (0.0ms)[0m  [1m[32mINSERT INTO "states" ("state_name", "created_at", "updated_at") VALUES ($1, $2, $3) RETURNING "id"[0m  [["state_name", "Iowa"], ["created_at", "2017-11-07 17:52:23.283103"], ["updated_at", "2017-11-07 17:52:23.283103"]]
  [1m[35m (0.0ms)[0m  [1m[35mCOMMIT[0m
  [1m[35m (0.0ms)[0m  [1m[35mBEGIN[0m
  [1m[35mSQL (0.0ms)[0m  [1m[32mINSERT INTO "states" ("state_name", "created_at", "updated_at") VALUES ($1, $2, $3) RETURNING "id"[0m  [["state_name", "Kansas"], ["created_at", "2017-11-07 17:52:23.285110"], ["updated_at", "2017-11-07 17:52:23.285110"]]
  [1m[35m (1.0ms)[0m  [1m[35mCOMMIT[0m
  [1m[35m (0.0ms)[0m  [1m[35mBEGIN[0m
  [1m[35mSQL (0.0ms)[0m  [1m[32mINSERT INTO "states" ("state_name", "created_at", "updated_at") VALUES ($1, $2, $3) RETURNING "id"[0m  [["state_name", "Kentucky"], ["created_at", "2017-11-07 17:52:23.287114"], ["updated_at", "2017-11-07 17:52:23.287114"]]
  [1m[35m (1.0ms)[0m  [1m[35mCOMMIT[0m
  [1m[35m (0.0ms)[0m  [1m[35mBEGIN[0m
  [1m[35mSQL (0.0ms)[0m  [1m[32mINSERT INTO "states" ("state_name", "created_at", "updated_at") VALUES ($1, $2, $3) RETURNING "id"[0m  [["state_name", "Louisiana"], ["created_at", "2017-11-07 17:52:23.289119"], ["updated_at", "2017-11-07 17:52:23.289119"]]
  [1m[35m (0.0ms)[0m  [1m[35mCOMMIT[0m
  [1m[35m (0.0ms)[0m  [1m[35mBEGIN[0m
  [1m[35mSQL (0.0ms)[0m  [1m[32mINSERT INTO "states" ("state_name", "created_at", "updated_at") VALUES ($1, $2, $3) RETURNING "id"[0m  [["state_name", "Maine"], ["created_at", "2017-11-07 17:52:23.291125"], ["updated_at", "2017-11-07 17:52:23.291125"]]
  [1m[35m (0.0ms)[0m  [1m[35mCOMMIT[0m
  [1m[35m (0.0ms)[0m  [1m[35mBEGIN[0m
  [1m[35mSQL (0.0ms)[0m  [1m[32mINSERT INTO "states" ("state_name", "created_at", "updated_at") VALUES ($1, $2, $3) RETURNING "id"[0m  [["state_name", "Maryland"], ["created_at", "2017-11-07 17:52:23.294134"], ["updated_at", "2017-11-07 17:52:23.294134"]]
  [1m[35m (1.0ms)[0m  [1m[35mCOMMIT[0m
  [1m[35m (0.0ms)[0m  [1m[35mBEGIN[0m
  [1m[35mSQL (0.0ms)[0m  [1m[32mINSERT INTO "states" ("state_name", "created_at", "updated_at") VALUES ($1, $2, $3) RETURNING "id"[0m  [["state_name", "Massachusetts"], ["created_at", "2017-11-07 17:52:23.296139"], ["updated_at", "2017-11-07 17:52:23.296139"]]
  [1m[35m (0.0ms)[0m  [1m[35mCOMMIT[0m
  [1m[35m (1.0ms)[0m  [1m[35mBEGIN[0m
  [1m[35mSQL (0.0ms)[0m  [1m[32mINSERT INTO "states" ("state_name", "created_at", "updated_at") VALUES ($1, $2, $3) RETURNING "id"[0m  [["state_name", "Michigan"], ["created_at", "2017-11-07 17:52:23.299146"], ["updated_at", "2017-11-07 17:52:23.299146"]]
  [1m[35m (1.0ms)[0m  [1m[35mCOMMIT[0m
  [1m[35m (0.0ms)[0m  [1m[35mBEGIN[0m
  [1m[35mSQL (0.0ms)[0m  [1m[32mINSERT INTO "states" ("state_name", "created_at", "updated_at") VALUES ($1, $2, $3) RETURNING "id"[0m  [["state_name", "Minnesota"], ["created_at", "2017-11-07 17:52:23.301151"], ["updated_at", "2017-11-07 17:52:23.301151"]]
  [1m[35m (1.0ms)[0m  [1m[35mCOMMIT[0m
  [1m[35m (0.0ms)[0m  [1m[35mBEGIN[0m
  [1m[35mSQL (0.0ms)[0m  [1m[32mINSERT INTO "states" ("state_name", "created_at", "updated_at") VALUES ($1, $2, $3) RETURNING "id"[0m  [["state_name", "Mississippi"], ["created_at", "2017-11-07 17:52:23.303157"], ["updated_at", "2017-11-07 17:52:23.303157"]]
  [1m[35m (1.0ms)[0m  [1m[35mCOMMIT[0m
  [1m[35m (0.0ms)[0m  [1m[35mBEGIN[0m
  [1m[35mSQL (0.0ms)[0m  [1m[32mINSERT INTO "states" ("state_name", "created_at", "updated_at") VALUES ($1, $2, $3) RETURNING "id"[0m  [["state_name", "Missouri"], ["created_at", "2017-11-07 17:52:23.305162"], ["updated_at", "2017-11-07 17:52:23.305162"]]
  [1m[35m (0.0ms)[0m  [1m[35mCOMMIT[0m
  [1m[35m (0.0ms)[0m  [1m[35mBEGIN[0m
  [1m[35mSQL (1.0ms)[0m  [1m[32mINSERT INTO "states" ("state_name", "created_at", "updated_at") VALUES ($1, $2, $3) RETURNING "id"[0m  [["state_name", "Montana"], ["created_at", "2017-11-07 17:52:23.307168"], ["updated_at", "2017-11-07 17:52:23.307168"]]
  [1m[35m (0.0ms)[0m  [1m[35mCOMMIT[0m
  [1m[35m (0.0ms)[0m  [1m[35mBEGIN[0m
  [1m[35mSQL (0.0ms)[0m  [1m[32mINSERT INTO "states" ("state_name", "created_at", "updated_at") VALUES ($1, $2, $3) RETURNING "id"[0m  [["state_name", "Nebraska"], ["created_at", "2017-11-07 17:52:23.311178"], ["updated_at", "2017-11-07 17:52:23.311178"]]
  [1m[35m (0.0ms)[0m  [1m[35mCOMMIT[0m
  [1m[35m (0.0ms)[0m  [1m[35mBEGIN[0m
  [1m[35mSQL (0.0ms)[0m  [1m[32mINSERT INTO "states" ("state_name", "created_at", "updated_at") VALUES ($1, $2, $3) RETURNING "id"[0m  [["state_name", "Nevada"], ["created_at", "2017-11-07 17:52:23.313183"], ["updated_at", "2017-11-07 17:52:23.313183"]]
  [1m[35m (0.0ms)[0m  [1m[35mCOMMIT[0m
  [1m[35m (0.0ms)[0m  [1m[35mBEGIN[0m
  [1m[35mSQL (1.0ms)[0m  [1m[32mINSERT INTO "states" ("state_name", "created_at", "updated_at") VALUES ($1, $2, $3) RETURNING "id"[0m  [["state_name", "New Hampshire"], ["created_at", "2017-11-07 17:52:23.316192"], ["updated_at", "2017-11-07 17:52:23.316192"]]
  [1m[35m (0.0ms)[0m  [1m[35mCOMMIT[0m
  [1m[35m (0.0ms)[0m  [1m[35mBEGIN[0m
  [1m[35mSQL (1.0ms)[0m  [1m[32mINSERT INTO "states" ("state_name", "created_at", "updated_at") VALUES ($1, $2, $3) RETURNING "id"[0m  [["state_name", "New Jersey"], ["created_at", "2017-11-07 17:52:23.318198"], ["updated_at", "2017-11-07 17:52:23.318198"]]
  [1m[35m (0.0ms)[0m  [1m[35mCOMMIT[0m
  [1m[35m (0.0ms)[0m  [1m[35mBEGIN[0m
  [1m[35mSQL (0.0ms)[0m  [1m[32mINSERT INTO "states" ("state_name", "created_at", "updated_at") VALUES ($1, $2, $3) RETURNING "id"[0m  [["state_name", "New Mexico"], ["created_at", "2017-11-07 17:52:23.320202"], ["updated_at", "2017-11-07 17:52:23.320202"]]
  [1m[35m (0.5ms)[0m  [1m[35mCOMMIT[0m
  [1m[35m (0.5ms)[0m  [1m[35mBEGIN[0m
  [1m[35mSQL (0.5ms)[0m  [1m[32mINSERT INTO "states" ("state_name", "created_at", "updated_at") VALUES ($1, $2, $3) RETURNING "id"[0m  [["state_name", "New York"], ["created_at", "2017-11-07 17:52:23.322716"], ["updated_at", "2017-11-07 17:52:23.322716"]]
  [1m[35m (0.5ms)[0m  [1m[35mCOMMIT[0m
  [1m[35m (0.0ms)[0m  [1m[35mBEGIN[0m
  [1m[35mSQL (0.0ms)[0m  [1m[32mINSERT INTO "states" ("state_name", "created_at", "updated_at") VALUES ($1, $2, $3) RETURNING "id"[0m  [["state_name", "North Carolina"], ["created_at", "2017-11-07 17:52:23.324718"], ["updated_at", "2017-11-07 17:52:23.324718"]]
  [1m[35m (0.5ms)[0m  [1m[35mCOMMIT[0m
  [1m[35m (0.0ms)[0m  [1m[35mBEGIN[0m
  [1m[35mSQL (0.0ms)[0m  [1m[32mINSERT INTO "states" ("state_name", "created_at", "updated_at") VALUES ($1, $2, $3) RETURNING "id"[0m  [["state_name", "North Dakota"], ["created_at", "2017-11-07 17:52:23.327225"], ["updated_at", "2017-11-07 17:52:23.327225"]]
  [1m[35m (0.5ms)[0m  [1m[35mCOMMIT[0m
  [1m[35m (0.0ms)[0m  [1m[35mBEGIN[0m
  [1m[35mSQL (0.5ms)[0m  [1m[32mINSERT INTO "states" ("state_name", "created_at", "updated_at") VALUES ($1, $2, $3) RETURNING "id"[0m  [["state_name", "Ohio"], ["created_at", "2017-11-07 17:52:23.329229"], ["updated_at", "2017-11-07 17:52:23.329229"]]
  [1m[35m (0.0ms)[0m  [1m[35mCOMMIT[0m
  [1m[35m (0.0ms)[0m  [1m[35mBEGIN[0m
  [1m[35mSQL (0.5ms)[0m  [1m[32mINSERT INTO "states" ("state_name", "created_at", "updated_at") VALUES ($1, $2, $3) RETURNING "id"[0m  [["state_name", "Oklahoma"], ["created_at", "2017-11-07 17:52:23.331736"], ["updated_at", "2017-11-07 17:52:23.331736"]]
  [1m[35m (0.2ms)[0m  [1m[35mCOMMIT[0m
  [1m[35m (0.0ms)[0m  [1m[35mBEGIN[0m
  [1m[35mSQL (0.5ms)[0m  [1m[32mINSERT INTO "states" ("state_name", "created_at", "updated_at") VALUES ($1, $2, $3) RETURNING "id"[0m  [["state_name", "Oregon"], ["created_at", "2017-11-07 17:52:23.333989"], ["updated_at", "2017-11-07 17:52:23.333989"]]
  [1m[35m (0.5ms)[0m  [1m[35mCOMMIT[0m
  [1m[35m (0.0ms)[0m  [1m[35mBEGIN[0m
  [1m[35mSQL (1.0ms)[0m  [1m[32mINSERT INTO "states" ("state_name", "created_at", "updated_at") VALUES ($1, $2, $3) RETURNING "id"[0m  [["state_name", "Pennsylvania"], ["created_at", "2017-11-07 17:52:23.336013"], ["updated_at", "2017-11-07 17:52:23.336013"]]
  [1m[35m (0.0ms)[0m  [1m[35mCOMMIT[0m
  [1m[35m (0.0ms)[0m  [1m[35mBEGIN[0m
  [1m[35mSQL (1.0ms)[0m  [1m[32mINSERT INTO "states" ("state_name", "created_at", "updated_at") VALUES ($1, $2, $3) RETURNING "id"[0m  [["state_name", "Rhode Island"], ["created_at", "2017-11-07 17:52:23.339608"], ["updated_at", "2017-11-07 17:52:23.339608"]]
  [1m[35m (0.0ms)[0m  [1m[35mCOMMIT[0m
  [1m[35m (0.0ms)[0m  [1m[35mBEGIN[0m
  [1m[35mSQL (0.0ms)[0m  [1m[32mINSERT INTO "states" ("state_name", "created_at", "updated_at") VALUES ($1, $2, $3) RETURNING "id"[0m  [["state_name", "South Carolina"], ["created_at", "2017-11-07 17:52:23.341644"], ["updated_at", "2017-11-07 17:52:23.341644"]]
  [1m[35m (0.0ms)[0m  [1m[35mCOMMIT[0m
  [1m[35m (0.0ms)[0m  [1m[35mBEGIN[0m
  [1m[35mSQL (0.0ms)[0m  [1m[32mINSERT INTO "states" ("state_name", "created_at", "updated_at") VALUES ($1, $2, $3) RETURNING "id"[0m  [["state_name", "South Dakota"], ["created_at", "2017-11-07 17:52:23.343618"], ["updated_at", "2017-11-07 17:52:23.343618"]]
  [1m[35m (1.0ms)[0m  [1m[35mCOMMIT[0m
  [1m[35m (0.0ms)[0m  [1m[35mBEGIN[0m
  [1m[35mSQL (0.0ms)[0m  [1m[32mINSERT INTO "states" ("state_name", "created_at", "updated_at") VALUES ($1, $2, $3) RETURNING "id"[0m  [["state_name", "Tennessee"], ["created_at", "2017-11-07 17:52:23.345622"], ["updated_at", "2017-11-07 17:52:23.345622"]]
  [1m[35m (0.0ms)[0m  [1m[35mCOMMIT[0m
  [1m[35m (0.0ms)[0m  [1m[35mBEGIN[0m
  [1m[35mSQL (0.0ms)[0m  [1m[32mINSERT INTO "states" ("state_name", "created_at", "updated_at") VALUES ($1, $2, $3) RETURNING "id"[0m  [["state_name", "Texas"], ["created_at", "2017-11-07 17:52:23.348633"], ["updated_at", "2017-11-07 17:52:23.348633"]]
  [1m[35m (1.0ms)[0m  [1m[35mCOMMIT[0m
  [1m[35m (0.0ms)[0m  [1m[35mBEGIN[0m
  [1m[35mSQL (0.0ms)[0m  [1m[32mINSERT INTO "states" ("state_name", "created_at", "updated_at") VALUES ($1, $2, $3) RETURNING "id"[0m  [["state_name", "Utah"], ["created_at", "2017-11-07 17:52:23.350662"], ["updated_at", "2017-11-07 17:52:23.350662"]]
  [1m[35m (0.0ms)[0m  [1m[35mCOMMIT[0m
  [1m[35m (0.0ms)[0m  [1m[35mBEGIN[0m
  [1m[35mSQL (0.0ms)[0m  [1m[32mINSERT INTO "states" ("state_name", "created_at", "updated_at") VALUES ($1, $2, $3) RETURNING "id"[0m  [["state_name", "Vermont"], ["created_at", "2017-11-07 17:52:23.353668"], ["updated_at", "2017-11-07 17:52:23.353668"]]
  [1m[35m (0.0ms)[0m  [1m[35mCOMMIT[0m
  [1m[35m (0.0ms)[0m  [1m[35mBEGIN[0m
  [1m[35mSQL (1.0ms)[0m  [1m[32mINSERT INTO "states" ("state_name", "created_at", "updated_at") VALUES ($1, $2, $3) RETURNING "id"[0m  [["state_name", "Virginia"], ["created_at", "2017-11-07 17:52:23.355650"], ["updated_at", "2017-11-07 17:52:23.355650"]]
  [1m[35m (0.0ms)[0m  [1m[35mCOMMIT[0m
  [1m[35m (0.0ms)[0m  [1m[35mBEGIN[0m
  [1m[35mSQL (0.0ms)[0m  [1m[32mINSERT INTO "states" ("state_name", "created_at", "updated_at") VALUES ($1, $2, $3) RETURNING "id"[0m  [["state_name", "Washington"], ["created_at", "2017-11-07 17:52:23.357654"], ["updated_at", "2017-11-07 17:52:23.357654"]]
  [1m[35m (1.0ms)[0m  [1m[35mCOMMIT[0m
  [1m[35m (0.0ms)[0m  [1m[35mBEGIN[0m
  [1m[35mSQL (0.0ms)[0m  [1m[32mINSERT INTO "states" ("state_name", "created_at", "updated_at") VALUES ($1, $2, $3) RETURNING "id"[0m  [["state_name", "West Virginia"], ["created_at", "2017-11-07 17:52:23.359660"], ["updated_at", "2017-11-07 17:52:23.359660"]]
  [1m[35m (1.0ms)[0m  [1m[35mCOMMIT[0m
  [1m[35m (0.0ms)[0m  [1m[35mBEGIN[0m
  [1m[35mSQL (0.0ms)[0m  [1m[32mINSERT INTO "states" ("state_name", "created_at", "updated_at") VALUES ($1, $2, $3) RETURNING "id"[0m  [["state_name", "Wisconsin"], ["created_at", "2017-11-07 17:52:23.361691"], ["updated_at", "2017-11-07 17:52:23.361691"]]
  [1m[35m (0.0ms)[0m  [1m[35mCOMMIT[0m
  [1m[35m (0.0ms)[0m  [1m[35mBEGIN[0m
  [1m[35mSQL (0.0ms)[0m  [1m[32mINSERT INTO "states" ("state_name", "created_at", "updated_at") VALUES ($1, $2, $3) RETURNING "id"[0m  [["state_name", "Wyoming"], ["created_at", "2017-11-07 17:52:23.364673"], ["updated_at", "2017-11-07 17:52:23.364673"]]
  [1m[35m (1.0ms)[0m  [1m[35mCOMMIT[0m
  [1m[35m (1.0ms)[0m  [1m[34mSELECT pg_try_advisory_lock(6231918976790112165)[0m
  [1m[35m (1.0ms)[0m  [1m[34mSELECT "schema_migrations"."version" FROM "schema_migrations" ORDER BY "schema_migrations"."version" ASC[0m
  [1m[36mActiveRecord::InternalMetadata Load (1.0ms)[0m  [1m[34mSELECT  "ar_internal_metadata".* FROM "ar_internal_metadata" WHERE "ar_internal_metadata"."key" = $1 LIMIT $2[0m  [["key", "environment"], ["LIMIT", 1]]
  [1m[35m (0.0ms)[0m  [1m[35mBEGIN[0m
  [1m[35m (1.0ms)[0m  [1m[35mCOMMIT[0m
  [1m[35m (0.0ms)[0m  [1m[34mSELECT pg_advisory_unlock(6231918976790112165)[0m
  [1m[35m (0.0ms)[0m  [1m[34mSELECT "schema_migrations"."version" FROM "schema_migrations" ORDER BY "schema_migrations"."version" ASC[0m
  [1m[35m (1.0ms)[0m  [1m[34mSELECT "schema_migrations"."version" FROM "schema_migrations" ORDER BY "schema_migrations"."version" ASC[0m
  [1m[35m (0.0ms)[0m  [1m[35mBEGIN[0m
  [1m[35mSQL (0.0ms)[0m  [1m[32mINSERT INTO "items" ("name", "description", "created_at", "updated_at", "price") VALUES ($1, $2, $3, $4, $5) RETURNING "id"[0m  [["name", "Basket #1"], ["description", "20% goes to charity"], ["created_at", "2017-11-07 17:53:24.908709"], ["updated_at", "2017-11-07 17:53:24.908709"], ["price", "150.0"]]
  [1m[35m (1.0ms)[0m  [1m[35mCOMMIT[0m
  [1m[35m (0.0ms)[0m  [1m[35mBEGIN[0m
  [1m[35mSQL (0.0ms)[0m  [1m[32mINSERT INTO "items" ("name", "description", "created_at", "updated_at", "price") VALUES ($1, $2, $3, $4, $5) RETURNING "id"[0m  [["name", "Basket #2"], ["description", "This basket is so pretty"], ["created_at", "2017-11-07 17:53:24.911717"], ["updated_at", "2017-11-07 17:53:24.911717"], ["price", "200.0"]]
  [1m[35m (0.0ms)[0m  [1m[35mCOMMIT[0m
  [1m[35m (1.0ms)[0m  [1m[35mBEGIN[0m
  [1m[35mSQL (0.0ms)[0m  [1m[32mINSERT INTO "items" ("name", "description", "created_at", "updated_at", "price") VALUES ($1, $2, $3, $4, $5) RETURNING "id"[0m  [["name", "Basket #3"], ["description", "Houston themed basket"], ["created_at", "2017-11-07 17:53:24.914730"], ["updated_at", "2017-11-07 17:53:24.914730"], ["price", "250.0"]]
  [1m[35m (1.0ms)[0m  [1m[35mCOMMIT[0m
  [1m[35m (0.0ms)[0m  [1m[35mBEGIN[0m
  [1m[35mSQL (1.0ms)[0m  [1m[32mINSERT INTO "items" ("name", "description", "created_at", "updated_at", "price") VALUES ($1, $2, $3, $4, $5) RETURNING "id"[0m  [["name", "Basket #4"], ["description", "Houston themed basket"], ["created_at", "2017-11-07 17:53:24.917733"], ["updated_at", "2017-11-07 17:53:24.917733"], ["price", "250.0"]]
  [1m[35m (0.0ms)[0m  [1m[35mCOMMIT[0m
  [1m[35m (1.0ms)[0m  [1m[35mBEGIN[0m
  [1m[35mSQL (1.0ms)[0m  [1m[32mINSERT INTO "items" ("name", "description", "created_at", "updated_at", "price") VALUES ($1, $2, $3, $4, $5) RETURNING "id"[0m  [["name", "Basket #5"], ["description", "Houston themed basket"], ["created_at", "2017-11-07 17:53:24.919738"], ["updated_at", "2017-11-07 17:53:24.919738"], ["price", "250.0"]]
  [1m[35m (0.0ms)[0m  [1m[35mCOMMIT[0m
  [1m[35m (0.0ms)[0m  [1m[35mBEGIN[0m
  [1m[35mSQL (0.0ms)[0m  [1m[32mINSERT INTO "items" ("name", "description", "created_at", "updated_at", "price") VALUES ($1, $2, $3, $4, $5) RETURNING "id"[0m  [["name", "Basket #6"], ["description", "Houston themed basket"], ["created_at", "2017-11-07 17:53:24.921743"], ["updated_at", "2017-11-07 17:53:24.921743"], ["price", "250.0"]]
  [1m[35m (0.0ms)[0m  [1m[35mCOMMIT[0m
  [1m[35m (0.0ms)[0m  [1m[35mBEGIN[0m
  [1m[35mSQL (1.0ms)[0m  [1m[32mINSERT INTO "items" ("name", "description", "created_at", "updated_at", "price") VALUES ($1, $2, $3, $4, $5) RETURNING "id"[0m  [["name", "Basket #7"], ["description", "Houston themed basket"], ["created_at", "2017-11-07 17:53:24.924751"], ["updated_at", "2017-11-07 17:53:24.924751"], ["price", "250.0"]]
  [1m[35m (0.0ms)[0m  [1m[35mCOMMIT[0m
  [1m[35m (0.0ms)[0m  [1m[35mBEGIN[0m
  [1m[35mSQL (0.0ms)[0m  [1m[32mINSERT INTO "items" ("name", "description", "created_at", "updated_at", "price") VALUES ($1, $2, $3, $4, $5) RETURNING "id"[0m  [["name", "Basket #8"], ["description", "Houston themed basket"], ["created_at", "2017-11-07 17:53:24.926757"], ["updated_at", "2017-11-07 17:53:24.926757"], ["price", "250.0"]]
  [1m[35m (1.0ms)[0m  [1m[35mCOMMIT[0m
  [1m[35m (0.0ms)[0m  [1m[35mBEGIN[0m
  [1m[35mSQL (0.0ms)[0m  [1m[32mINSERT INTO "items" ("name", "description", "created_at", "updated_at", "price") VALUES ($1, $2, $3, $4, $5) RETURNING "id"[0m  [["name", "Basket #9"], ["description", "Houston themed basket"], ["created_at", "2017-11-07 17:53:24.928762"], ["updated_at", "2017-11-07 17:53:24.928762"], ["price", "250.0"]]
  [1m[35m (0.0ms)[0m  [1m[35mCOMMIT[0m
  [1m[35m (0.0ms)[0m  [1m[35mBEGIN[0m
  [1m[35mSQL (0.0ms)[0m  [1m[32mINSERT INTO "items" ("name", "description", "created_at", "updated_at", "price") VALUES ($1, $2, $3, $4, $5) RETURNING "id"[0m  [["name", "Basket #10"], ["description", "Houston themed basket"], ["created_at", "2017-11-07 17:53:24.931771"], ["updated_at", "2017-11-07 17:53:24.931771"], ["price", "400.0"]]
  [1m[35m (0.0ms)[0m  [1m[35mCOMMIT[0m
  [1m[35m (0.0ms)[0m  [1m[35mBEGIN[0m
  [1m[35mSQL (0.0ms)[0m  [1m[32mINSERT INTO "items" ("name", "description", "created_at", "updated_at", "price") VALUES ($1, $2, $3, $4, $5) RETURNING "id"[0m  [["name", "Basket #11"], ["description", "Houston themed basket"], ["created_at", "2017-11-07 17:53:24.934779"], ["updated_at", "2017-11-07 17:53:24.934779"], ["price", "250.0"]]
  [1m[35m (0.0ms)[0m  [1m[35mCOMMIT[0m
  [1m[35m (1.0ms)[0m  [1m[35mBEGIN[0m
  [1m[35mSQL (0.0ms)[0m  [1m[32mINSERT INTO "items" ("name", "description", "created_at", "updated_at", "price") VALUES ($1, $2, $3, $4, $5) RETURNING "id"[0m  [["name", "Basket #12"], ["description", "Houston themed basket"], ["created_at", "2017-11-07 17:53:24.937789"], ["updated_at", "2017-11-07 17:53:24.937789"], ["price", "350.0"]]
  [1m[35m (1.0ms)[0m  [1m[35mCOMMIT[0m
  [1m[35m (0.0ms)[0m  [1m[35mBEGIN[0m
  [1m[35mSQL (1.0ms)[0m  [1m[32mINSERT INTO "items" ("name", "description", "created_at", "updated_at", "price") VALUES ($1, $2, $3, $4, $5) RETURNING "id"[0m  [["name", "Basket #13"], ["description", "Houston themed basket"], ["created_at", "2017-11-07 17:53:24.939803"], ["updated_at", "2017-11-07 17:53:24.939803"], ["price", "250.0"]]
  [1m[35m (0.0ms)[0m  [1m[35mCOMMIT[0m
  [1m[35m (0.0ms)[0m  [1m[35mBEGIN[0m
  [1m[35mSQL (0.0ms)[0m  [1m[32mINSERT INTO "items" ("name", "description", "created_at", "updated_at", "price") VALUES ($1, $2, $3, $4, $5) RETURNING "id"[0m  [["name", "Basket #14"], ["description", "Houston themed basket"], ["created_at", "2017-11-07 17:53:24.942800"], ["updated_at", "2017-11-07 17:53:24.942800"], ["price", "250.0"]]
  [1m[35m (0.0ms)[0m  [1m[35mCOMMIT[0m
  [1m[35m (0.0ms)[0m  [1m[35mBEGIN[0m
  [1m[35mSQL (0.5ms)[0m  [1m[32mINSERT INTO "items" ("name", "description", "created_at", "updated_at", "price") VALUES ($1, $2, $3, $4, $5) RETURNING "id"[0m  [["name", "Basket #15"], ["description", "Houston themed basket"], ["created_at", "2017-11-07 17:53:24.945839"], ["updated_at", "2017-11-07 17:53:24.945839"], ["price", "250.0"]]
  [1m[35m (0.5ms)[0m  [1m[35mCOMMIT[0m
  [1m[35m (0.0ms)[0m  [1m[35mBEGIN[0m
  [1m[35mSQL (0.0ms)[0m  [1m[32mINSERT INTO "items" ("name", "description", "created_at", "updated_at", "price") VALUES ($1, $2, $3, $4, $5) RETURNING "id"[0m  [["name", "Basket #16"], ["description", "Houston themed basket"], ["created_at", "2017-11-07 17:53:24.948879"], ["updated_at", "2017-11-07 17:53:24.948879"], ["price", "250.0"]]
  [1m[35m (0.5ms)[0m  [1m[35mCOMMIT[0m
  [1m[35m (0.0ms)[0m  [1m[35mBEGIN[0m
  [1m[35mSQL (0.5ms)[0m  [1m[32mINSERT INTO "items" ("name", "description", "created_at", "updated_at", "price") VALUES ($1, $2, $3, $4, $5) RETURNING "id"[0m  [["name", "Basket #17"], ["description", "Houston themed basket"], ["created_at", "2017-11-07 17:53:24.951388"], ["updated_at", "2017-11-07 17:53:24.951388"], ["price", "250.0"]]
  [1m[35m (0.5ms)[0m  [1m[35mCOMMIT[0m
  [1m[35m (0.5ms)[0m  [1m[35mBEGIN[0m
  [1m[35mSQL (0.0ms)[0m  [1m[32mINSERT INTO "items" ("name", "description", "created_at", "updated_at", "price") VALUES ($1, $2, $3, $4, $5) RETURNING "id"[0m  [["name", "Basket #18"], ["description", "Houston themed basket"], ["created_at", "2017-11-07 17:53:24.954363"], ["updated_at", "2017-11-07 17:53:24.954363"], ["price", "250.0"]]
  [1m[35m (0.5ms)[0m  [1m[35mCOMMIT[0m
  [1m[35m (0.0ms)[0m  [1m[35mBEGIN[0m
  [1m[35mSQL (0.5ms)[0m  [1m[32mINSERT INTO "items" ("name", "description", "created_at", "updated_at", "price") VALUES ($1, $2, $3, $4, $5) RETURNING "id"[0m  [["name", "Basket #19"], ["description", "Houston themed basket"], ["created_at", "2017-11-07 17:53:24.957396"], ["updated_at", "2017-11-07 17:53:24.957396"], ["price", "250.0"]]
  [1m[35m (0.5ms)[0m  [1m[35mCOMMIT[0m
  [1m[35m (0.5ms)[0m  [1m[35mBEGIN[0m
  [1m[35mSQL (0.5ms)[0m  [1m[32mINSERT INTO "items" ("name", "description", "created_at", "updated_at", "price") VALUES ($1, $2, $3, $4, $5) RETURNING "id"[0m  [["name", "Basket #20"], ["description", "Houston themed basket"], ["created_at", "2017-11-07 17:53:24.959891"], ["updated_at", "2017-11-07 17:53:24.959891"], ["price", "250.0"]]
  [1m[35m (0.0ms)[0m  [1m[35mCOMMIT[0m
  [1m[35m (0.0ms)[0m  [1m[35mBEGIN[0m
  [1m[35mSQL (1.0ms)[0m  [1m[32mINSERT INTO "items" ("name", "description", "created_at", "updated_at", "price") VALUES ($1, $2, $3, $4, $5) RETURNING "id"[0m  [["name", "Basket #21"], ["description", "Houston themed basket"], ["created_at", "2017-11-07 17:53:24.962890"], ["updated_at", "2017-11-07 17:53:24.962890"], ["price", "250.0"]]
  [1m[35m (1.0ms)[0m  [1m[35mCOMMIT[0m
  [1m[35m (0.0ms)[0m  [1m[35mBEGIN[0m
  [1m[35mSQL (1.0ms)[0m  [1m[32mINSERT INTO "items" ("name", "description", "created_at", "updated_at", "price") VALUES ($1, $2, $3, $4, $5) RETURNING "id"[0m  [["name", "Basket #22"], ["description", "Houston themed basket"], ["created_at", "2017-11-07 17:53:24.966902"], ["updated_at", "2017-11-07 17:53:24.966902"], ["price", "250.0"]]
  [1m[35m (1.0ms)[0m  [1m[35mCOMMIT[0m
  [1m[35m (0.0ms)[0m  [1m[35mBEGIN[0m
  [1m[35mSQL (1.0ms)[0m  [1m[32mINSERT INTO "items" ("name", "description", "created_at", "updated_at", "price") VALUES ($1, $2, $3, $4, $5) RETURNING "id"[0m  [["name", "Basket #23"], ["description", "Houston themed basket"], ["created_at", "2017-11-07 17:53:24.968916"], ["updated_at", "2017-11-07 17:53:24.968916"], ["price", "250.0"]]
  [1m[35m (0.0ms)[0m  [1m[35mCOMMIT[0m
  [1m[35m (0.0ms)[0m  [1m[35mBEGIN[0m
  [1m[35mSQL (0.0ms)[0m  [1m[32mINSERT INTO "items" ("name", "description", "created_at", "updated_at", "price") VALUES ($1, $2, $3, $4, $5) RETURNING "id"[0m  [["name", "Basket #24"], ["description", "Houston themed basket"], ["created_at", "2017-11-07 17:53:24.971940"], ["updated_at", "2017-11-07 17:53:24.971940"], ["price", "250.0"]]
  [1m[35m (0.0ms)[0m  [1m[35mCOMMIT[0m
  [1m[35m (0.0ms)[0m  [1m[35mBEGIN[0m
  [1m[35mSQL (0.0ms)[0m  [1m[32mINSERT INTO "order_statuses" ("status", "created_at", "updated_at") VALUES ($1, $2, $3) RETURNING "id"[0m  [["status", "Placed"], ["created_at", "2017-11-07 17:53:24.983946"], ["updated_at", "2017-11-07 17:53:24.983946"]]
  [1m[35m (0.0ms)[0m  [1m[35mCOMMIT[0m
  [1m[35m (0.0ms)[0m  [1m[35mBEGIN[0m
  [1m[35mSQL (0.0ms)[0m  [1m[32mINSERT INTO "order_statuses" ("status", "created_at", "updated_at") VALUES ($1, $2, $3) RETURNING "id"[0m  [["status", "Processed"], ["created_at", "2017-11-07 17:53:24.986954"], ["updated_at", "2017-11-07 17:53:24.986954"]]
  [1m[35m (0.0ms)[0m  [1m[35mCOMMIT[0m
  [1m[35m (1.0ms)[0m  [1m[35mBEGIN[0m
  [1m[35mSQL (0.0ms)[0m  [1m[32mINSERT INTO "order_statuses" ("status", "created_at", "updated_at") VALUES ($1, $2, $3) RETURNING "id"[0m  [["status", "Shipped"], ["created_at", "2017-11-07 17:53:24.989963"], ["updated_at", "2017-11-07 17:53:24.989963"]]
  [1m[35m (1.0ms)[0m  [1m[35mCOMMIT[0m
  [1m[35m (0.0ms)[0m  [1m[35mBEGIN[0m
  [1m[35mSQL (0.0ms)[0m  [1m[32mINSERT INTO "order_statuses" ("status", "created_at", "updated_at") VALUES ($1, $2, $3) RETURNING "id"[0m  [["status", "Completed"], ["created_at", "2017-11-07 17:53:24.991968"], ["updated_at", "2017-11-07 17:53:24.991968"]]
  [1m[35m (0.0ms)[0m  [1m[35mCOMMIT[0m
  [1m[35m (0.0ms)[0m  [1m[35mBEGIN[0m
  [1m[35mSQL (1.0ms)[0m  [1m[32mINSERT INTO "states" ("state_name", "created_at", "updated_at") VALUES ($1, $2, $3) RETURNING "id"[0m  [["state_name", "Alabama"], ["created_at", "2017-11-07 17:53:25.007008"], ["updated_at", "2017-11-07 17:53:25.007008"]]
  [1m[35m (0.0ms)[0m  [1m[35mCOMMIT[0m
  [1m[35m (1.0ms)[0m  [1m[35mBEGIN[0m
  [1m[35mSQL (1.0ms)[0m  [1m[32mINSERT INTO "states" ("state_name", "created_at", "updated_at") VALUES ($1, $2, $3) RETURNING "id"[0m  [["state_name", "Alaska"], ["created_at", "2017-11-07 17:53:25.010031"], ["updated_at", "2017-11-07 17:53:25.010031"]]
  [1m[35m (0.0ms)[0m  [1m[35mCOMMIT[0m
  [1m[35m (0.0ms)[0m  [1m[35mBEGIN[0m
  [1m[35mSQL (0.0ms)[0m  [1m[32mINSERT INTO "states" ("state_name", "created_at", "updated_at") VALUES ($1, $2, $3) RETURNING "id"[0m  [["state_name", "Arizona"], ["created_at", "2017-11-07 17:53:25.012021"], ["updated_at", "2017-11-07 17:53:25.012021"]]
  [1m[35m (0.0ms)[0m  [1m[35mCOMMIT[0m
  [1m[35m (1.0ms)[0m  [1m[35mBEGIN[0m
  [1m[35mSQL (0.0ms)[0m  [1m[32mINSERT INTO "states" ("state_name", "created_at", "updated_at") VALUES ($1, $2, $3) RETURNING "id"[0m  [["state_name", "Arkansas"], ["created_at", "2017-11-07 17:53:25.015029"], ["updated_at", "2017-11-07 17:53:25.015029"]]
  [1m[35m (1.0ms)[0m  [1m[35mCOMMIT[0m
  [1m[35m (0.0ms)[0m  [1m[35mBEGIN[0m
  [1m[35mSQL (1.0ms)[0m  [1m[32mINSERT INTO "states" ("state_name", "created_at", "updated_at") VALUES ($1, $2, $3) RETURNING "id"[0m  [["state_name", "California"], ["created_at", "2017-11-07 17:53:25.018061"], ["updated_at", "2017-11-07 17:53:25.018061"]]
  [1m[35m (1.0ms)[0m  [1m[35mCOMMIT[0m
  [1m[35m (0.0ms)[0m  [1m[35mBEGIN[0m
  [1m[35mSQL (0.0ms)[0m  [1m[32mINSERT INTO "states" ("state_name", "created_at", "updated_at") VALUES ($1, $2, $3) RETURNING "id"[0m  [["state_name", "Colorado"], ["created_at", "2017-11-07 17:53:25.020044"], ["updated_at", "2017-11-07 17:53:25.020044"]]
  [1m[35m (0.0ms)[0m  [1m[35mCOMMIT[0m
  [1m[35m (1.0ms)[0m  [1m[35mBEGIN[0m
  [1m[35mSQL (0.0ms)[0m  [1m[32mINSERT INTO "states" ("state_name", "created_at", "updated_at") VALUES ($1, $2, $3) RETURNING "id"[0m  [["state_name", "Connecticut"], ["created_at", "2017-11-07 17:53:25.023051"], ["updated_at", "2017-11-07 17:53:25.023051"]]
  [1m[35m (1.0ms)[0m  [1m[35mCOMMIT[0m
  [1m[35m (0.0ms)[0m  [1m[35mBEGIN[0m
  [1m[35mSQL (1.0ms)[0m  [1m[32mINSERT INTO "states" ("state_name", "created_at", "updated_at") VALUES ($1, $2, $3) RETURNING "id"[0m  [["state_name", "Delaware"], ["created_at", "2017-11-07 17:53:25.025055"], ["updated_at", "2017-11-07 17:53:25.025055"]]
  [1m[35m (0.0ms)[0m  [1m[35mCOMMIT[0m
  [1m[35m (0.0ms)[0m  [1m[35mBEGIN[0m
  [1m[35mSQL (0.0ms)[0m  [1m[32mINSERT INTO "states" ("state_name", "created_at", "updated_at") VALUES ($1, $2, $3) RETURNING "id"[0m  [["state_name", "District of Columbia"], ["created_at", "2017-11-07 17:53:25.028088"], ["updated_at", "2017-11-07 17:53:25.028088"]]
  [1m[35m (1.0ms)[0m  [1m[35mCOMMIT[0m
  [1m[35m (0.0ms)[0m  [1m[35mBEGIN[0m
  [1m[35mSQL (1.0ms)[0m  [1m[32mINSERT INTO "states" ("state_name", "created_at", "updated_at") VALUES ($1, $2, $3) RETURNING "id"[0m  [["state_name", "Florida"], ["created_at", "2017-11-07 17:53:25.030068"], ["updated_at", "2017-11-07 17:53:25.030068"]]
  [1m[35m (0.0ms)[0m  [1m[35mCOMMIT[0m
  [1m[35m (0.0ms)[0m  [1m[35mBEGIN[0m
  [1m[35mSQL (0.0ms)[0m  [1m[32mINSERT INTO "states" ("state_name", "created_at", "updated_at") VALUES ($1, $2, $3) RETURNING "id"[0m  [["state_name", "Georgia"], ["created_at", "2017-11-07 17:53:25.033077"], ["updated_at", "2017-11-07 17:53:25.033077"]]
  [1m[35m (0.0ms)[0m  [1m[35mCOMMIT[0m
  [1m[35m (0.0ms)[0m  [1m[35mBEGIN[0m
  [1m[35mSQL (0.0ms)[0m  [1m[32mINSERT INTO "states" ("state_name", "created_at", "updated_at") VALUES ($1, $2, $3) RETURNING "id"[0m  [["state_name", "Hawaii"], ["created_at", "2017-11-07 17:53:25.036111"], ["updated_at", "2017-11-07 17:53:25.036111"]]
  [1m[35m (0.0ms)[0m  [1m[35mCOMMIT[0m
  [1m[35m (0.0ms)[0m  [1m[35mBEGIN[0m
  [1m[35mSQL (0.0ms)[0m  [1m[32mINSERT INTO "states" ("state_name", "created_at", "updated_at") VALUES ($1, $2, $3) RETURNING "id"[0m  [["state_name", "Idaho"], ["created_at", "2017-11-07 17:53:25.039093"], ["updated_at", "2017-11-07 17:53:25.039093"]]
  [1m[35m (0.0ms)[0m  [1m[35mCOMMIT[0m
  [1m[35m (0.0ms)[0m  [1m[35mBEGIN[0m
  [1m[35mSQL (0.0ms)[0m  [1m[32mINSERT INTO "states" ("state_name", "created_at", "updated_at") VALUES ($1, $2, $3) RETURNING "id"[0m  [["state_name", "Illinois"], ["created_at", "2017-11-07 17:53:25.042102"], ["updated_at", "2017-11-07 17:53:25.042102"]]
  [1m[35m (0.0ms)[0m  [1m[35mCOMMIT[0m
  [1m[35m (1.0ms)[0m  [1m[35mBEGIN[0m
  [1m[35mSQL (0.0ms)[0m  [1m[32mINSERT INTO "states" ("state_name", "created_at", "updated_at") VALUES ($1, $2, $3) RETURNING "id"[0m  [["state_name", "Indiana"], ["created_at", "2017-11-07 17:53:25.045108"], ["updated_at", "2017-11-07 17:53:25.045108"]]
  [1m[35m (1.3ms)[0m  [1m[35mCOMMIT[0m
  [1m[35m (0.5ms)[0m  [1m[35mBEGIN[0m
  [1m[35mSQL (0.5ms)[0m  [1m[32mINSERT INTO "states" ("state_name", "created_at", "updated_at") VALUES ($1, $2, $3) RETURNING "id"[0m  [["state_name", "Iowa"], ["created_at", "2017-11-07 17:53:25.047873"], ["updated_at", "2017-11-07 17:53:25.047873"]]
  [1m[35m (0.5ms)[0m  [1m[35mCOMMIT[0m
  [1m[35m (0.5ms)[0m  [1m[35mBEGIN[0m
  [1m[35mSQL (0.0ms)[0m  [1m[32mINSERT INTO "states" ("state_name", "created_at", "updated_at") VALUES ($1, $2, $3) RETURNING "id"[0m  [["state_name", "Kansas"], ["created_at", "2017-11-07 17:53:25.050589"], ["updated_at", "2017-11-07 17:53:25.050589"]]
  [1m[35m (0.5ms)[0m  [1m[35mCOMMIT[0m
  [1m[35m (0.0ms)[0m  [1m[35mBEGIN[0m
  [1m[35mSQL (0.5ms)[0m  [1m[32mINSERT INTO "states" ("state_name", "created_at", "updated_at") VALUES ($1, $2, $3) RETURNING "id"[0m  [["state_name", "Kentucky"], ["created_at", "2017-11-07 17:53:25.053598"], ["updated_at", "2017-11-07 17:53:25.053598"]]
  [1m[35m (0.5ms)[0m  [1m[35mCOMMIT[0m
  [1m[35m (0.0ms)[0m  [1m[35mBEGIN[0m
  [1m[35mSQL (0.5ms)[0m  [1m[32mINSERT INTO "states" ("state_name", "created_at", "updated_at") VALUES ($1, $2, $3) RETURNING "id"[0m  [["state_name", "Louisiana"], ["created_at", "2017-11-07 17:53:25.056270"], ["updated_at", "2017-11-07 17:53:25.056270"]]
  [1m[35m (0.5ms)[0m  [1m[35mCOMMIT[0m
  [1m[35m (0.5ms)[0m  [1m[35mBEGIN[0m
  [1m[35mSQL (0.0ms)[0m  [1m[32mINSERT INTO "states" ("state_name", "created_at", "updated_at") VALUES ($1, $2, $3) RETURNING "id"[0m  [["state_name", "Maine"], ["created_at", "2017-11-07 17:53:25.058778"], ["updated_at", "2017-11-07 17:53:25.058778"]]
  [1m[35m (0.5ms)[0m  [1m[35mCOMMIT[0m
  [1m[35m (0.5ms)[0m  [1m[35mBEGIN[0m
  [1m[35mSQL (0.0ms)[0m  [1m[32mINSERT INTO "states" ("state_name", "created_at", "updated_at") VALUES ($1, $2, $3) RETURNING "id"[0m  [["state_name", "Maryland"], ["created_at", "2017-11-07 17:53:25.061308"], ["updated_at", "2017-11-07 17:53:25.061308"]]
  [1m[35m (1.1ms)[0m  [1m[35mCOMMIT[0m
  [1m[35m (0.0ms)[0m  [1m[35mBEGIN[0m
  [1m[35mSQL (0.0ms)[0m  [1m[32mINSERT INTO "states" ("state_name", "created_at", "updated_at") VALUES ($1, $2, $3) RETURNING "id"[0m  [["state_name", "Massachusetts"], ["created_at", "2017-11-07 17:53:25.063377"], ["updated_at", "2017-11-07 17:53:25.063377"]]
  [1m[35m (0.0ms)[0m  [1m[35mCOMMIT[0m
  [1m[35m (1.0ms)[0m  [1m[35mBEGIN[0m
  [1m[35mSQL (0.0ms)[0m  [1m[32mINSERT INTO "states" ("state_name", "created_at", "updated_at") VALUES ($1, $2, $3) RETURNING "id"[0m  [["state_name", "Michigan"], ["created_at", "2017-11-07 17:53:25.066373"], ["updated_at", "2017-11-07 17:53:25.066373"]]
  [1m[35m (1.0ms)[0m  [1m[35mCOMMIT[0m
  [1m[35m (0.0ms)[0m  [1m[35mBEGIN[0m
  [1m[35mSQL (0.0ms)[0m  [1m[32mINSERT INTO "states" ("state_name", "created_at", "updated_at") VALUES ($1, $2, $3) RETURNING "id"[0m  [["state_name", "Minnesota"], ["created_at", "2017-11-07 17:53:25.068390"], ["updated_at", "2017-11-07 17:53:25.068390"]]
  [1m[35m (0.0ms)[0m  [1m[35mCOMMIT[0m
  [1m[35m (1.0ms)[0m  [1m[35mBEGIN[0m
  [1m[35mSQL (1.0ms)[0m  [1m[32mINSERT INTO "states" ("state_name", "created_at", "updated_at") VALUES ($1, $2, $3) RETURNING "id"[0m  [["state_name", "Mississippi"], ["created_at", "2017-11-07 17:53:25.072389"], ["updated_at", "2017-11-07 17:53:25.072389"]]
  [1m[35m (1.0ms)[0m  [1m[35mCOMMIT[0m
  [1m[35m (0.0ms)[0m  [1m[35mBEGIN[0m
  [1m[35mSQL (0.0ms)[0m  [1m[32mINSERT INTO "states" ("state_name", "created_at", "updated_at") VALUES ($1, $2, $3) RETURNING "id"[0m  [["state_name", "Missouri"], ["created_at", "2017-11-07 17:53:25.074410"], ["updated_at", "2017-11-07 17:53:25.074410"]]
  [1m[35m (0.0ms)[0m  [1m[35mCOMMIT[0m
  [1m[35m (1.0ms)[0m  [1m[35mBEGIN[0m
  [1m[35mSQL (1.0ms)[0m  [1m[32mINSERT INTO "states" ("state_name", "created_at", "updated_at") VALUES ($1, $2, $3) RETURNING "id"[0m  [["state_name", "Montana"], ["created_at", "2017-11-07 17:53:25.077402"], ["updated_at", "2017-11-07 17:53:25.077402"]]
  [1m[35m (1.0ms)[0m  [1m[35mCOMMIT[0m
  [1m[35m (0.0ms)[0m  [1m[35mBEGIN[0m
  [1m[35mSQL (0.0ms)[0m  [1m[32mINSERT INTO "states" ("state_name", "created_at", "updated_at") VALUES ($1, $2, $3) RETURNING "id"[0m  [["state_name", "Nebraska"], ["created_at", "2017-11-07 17:53:25.079409"], ["updated_at", "2017-11-07 17:53:25.079409"]]
  [1m[35m (0.0ms)[0m  [1m[35mCOMMIT[0m
  [1m[35m (1.0ms)[0m  [1m[35mBEGIN[0m
  [1m[35mSQL (0.0ms)[0m  [1m[32mINSERT INTO "states" ("state_name", "created_at", "updated_at") VALUES ($1, $2, $3) RETURNING "id"[0m  [["state_name", "Nevada"], ["created_at", "2017-11-07 17:53:25.082415"], ["updated_at", "2017-11-07 17:53:25.082415"]]
  [1m[35m (1.0ms)[0m  [1m[35mCOMMIT[0m
  [1m[35m (0.0ms)[0m  [1m[35mBEGIN[0m
  [1m[35mSQL (1.0ms)[0m  [1m[32mINSERT INTO "states" ("state_name", "created_at", "updated_at") VALUES ($1, $2, $3) RETURNING "id"[0m  [["state_name", "New Hampshire"], ["created_at", "2017-11-07 17:53:25.085447"], ["updated_at", "2017-11-07 17:53:25.085447"]]
  [1m[35m (1.0ms)[0m  [1m[35mCOMMIT[0m
  [1m[35m (0.0ms)[0m  [1m[35mBEGIN[0m
  [1m[35mSQL (0.0ms)[0m  [1m[32mINSERT INTO "states" ("state_name", "created_at", "updated_at") VALUES ($1, $2, $3) RETURNING "id"[0m  [["state_name", "New Jersey"], ["created_at", "2017-11-07 17:53:25.087427"], ["updated_at", "2017-11-07 17:53:25.087427"]]
  [1m[35m (0.0ms)[0m  [1m[35mCOMMIT[0m
  [1m[35m (0.0ms)[0m  [1m[35mBEGIN[0m
  [1m[35mSQL (1.0ms)[0m  [1m[32mINSERT INTO "states" ("state_name", "created_at", "updated_at") VALUES ($1, $2, $3) RETURNING "id"[0m  [["state_name", "New Mexico"], ["created_at", "2017-11-07 17:53:25.090436"], ["updated_at", "2017-11-07 17:53:25.090436"]]
  [1m[35m (1.0ms)[0m  [1m[35mCOMMIT[0m
  [1m[35m (0.0ms)[0m  [1m[35mBEGIN[0m
  [1m[35mSQL (0.0ms)[0m  [1m[32mINSERT INTO "states" ("state_name", "created_at", "updated_at") VALUES ($1, $2, $3) RETURNING "id"[0m  [["state_name", "New York"], ["created_at", "2017-11-07 17:53:25.092440"], ["updated_at", "2017-11-07 17:53:25.092440"]]
  [1m[35m (0.0ms)[0m  [1m[35mCOMMIT[0m
  [1m[35m (0.0ms)[0m  [1m[35mBEGIN[0m
  [1m[35mSQL (0.0ms)[0m  [1m[32mINSERT INTO "states" ("state_name", "created_at", "updated_at") VALUES ($1, $2, $3) RETURNING "id"[0m  [["state_name", "North Carolina"], ["created_at", "2017-11-07 17:53:25.095450"], ["updated_at", "2017-11-07 17:53:25.095450"]]
  [1m[35m (1.0ms)[0m  [1m[35mCOMMIT[0m
  [1m[35m (0.0ms)[0m  [1m[35mBEGIN[0m
  [1m[35mSQL (0.0ms)[0m  [1m[32mINSERT INTO "states" ("state_name", "created_at", "updated_at") VALUES ($1, $2, $3) RETURNING "id"[0m  [["state_name", "North Dakota"], ["created_at", "2017-11-07 17:53:25.098456"], ["updated_at", "2017-11-07 17:53:25.098456"]]
  [1m[35m (0.0ms)[0m  [1m[35mCOMMIT[0m
  [1m[35m (0.0ms)[0m  [1m[35mBEGIN[0m
  [1m[35mSQL (0.0ms)[0m  [1m[32mINSERT INTO "states" ("state_name", "created_at", "updated_at") VALUES ($1, $2, $3) RETURNING "id"[0m  [["state_name", "Ohio"], ["created_at", "2017-11-07 17:53:25.100487"], ["updated_at", "2017-11-07 17:53:25.100487"]]
  [1m[35m (1.0ms)[0m  [1m[35mCOMMIT[0m
  [1m[35m (0.0ms)[0m  [1m[35mBEGIN[0m
  [1m[35mSQL (0.0ms)[0m  [1m[32mINSERT INTO "states" ("state_name", "created_at", "updated_at") VALUES ($1, $2, $3) RETURNING "id"[0m  [["state_name", "Oklahoma"], ["created_at", "2017-11-07 17:53:25.102466"], ["updated_at", "2017-11-07 17:53:25.102466"]]
  [1m[35m (0.0ms)[0m  [1m[35mCOMMIT[0m
  [1m[35m (0.0ms)[0m  [1m[35mBEGIN[0m
  [1m[35mSQL (1.0ms)[0m  [1m[32mINSERT INTO "states" ("state_name", "created_at", "updated_at") VALUES ($1, $2, $3) RETURNING "id"[0m  [["state_name", "Oregon"], ["created_at", "2017-11-07 17:53:25.106478"], ["updated_at", "2017-11-07 17:53:25.106478"]]
  [1m[35m (1.0ms)[0m  [1m[35mCOMMIT[0m
  [1m[35m (0.0ms)[0m  [1m[35mBEGIN[0m
  [1m[35mSQL (0.0ms)[0m  [1m[32mINSERT INTO "states" ("state_name", "created_at", "updated_at") VALUES ($1, $2, $3) RETURNING "id"[0m  [["state_name", "Pennsylvania"], ["created_at", "2017-11-07 17:53:25.109486"], ["updated_at", "2017-11-07 17:53:25.109486"]]
  [1m[35m (0.0ms)[0m  [1m[35mCOMMIT[0m
  [1m[35m (0.0ms)[0m  [1m[35mBEGIN[0m
  [1m[35mSQL (0.0ms)[0m  [1m[32mINSERT INTO "states" ("state_name", "created_at", "updated_at") VALUES ($1, $2, $3) RETURNING "id"[0m  [["state_name", "Rhode Island"], ["created_at", "2017-11-07 17:53:25.116505"], ["updated_at", "2017-11-07 17:53:25.116505"]]
  [1m[35m (0.0ms)[0m  [1m[35mCOMMIT[0m
  [1m[35m (0.0ms)[0m  [1m[35mBEGIN[0m
  [1m[35mSQL (1.0ms)[0m  [1m[32mINSERT INTO "states" ("state_name", "created_at", "updated_at") VALUES ($1, $2, $3) RETURNING "id"[0m  [["state_name", "South Carolina"], ["created_at", "2017-11-07 17:53:25.123523"], ["updated_at", "2017-11-07 17:53:25.123523"]]
  [1m[35m (1.0ms)[0m  [1m[35mCOMMIT[0m
  [1m[35m (0.0ms)[0m  [1m[35mBEGIN[0m
  [1m[35mSQL (1.0ms)[0m  [1m[32mINSERT INTO "states" ("state_name", "created_at", "updated_at") VALUES ($1, $2, $3) RETURNING "id"[0m  [["state_name", "South Dakota"], ["created_at", "2017-11-07 17:53:25.127534"], ["updated_at", "2017-11-07 17:53:25.127534"]]
  [1m[35m (1.0ms)[0m  [1m[35mCOMMIT[0m
  [1m[35m (0.0ms)[0m  [1m[35mBEGIN[0m
  [1m[35mSQL (0.0ms)[0m  [1m[32mINSERT INTO "states" ("state_name", "created_at", "updated_at") VALUES ($1, $2, $3) RETURNING "id"[0m  [["state_name", "Tennessee"], ["created_at", "2017-11-07 17:53:25.129541"], ["updated_at", "2017-11-07 17:53:25.129541"]]
  [1m[35m (0.0ms)[0m  [1m[35mCOMMIT[0m
  [1m[35m (1.0ms)[0m  [1m[35mBEGIN[0m
  [1m[35mSQL (0.0ms)[0m  [1m[32mINSERT INTO "states" ("state_name", "created_at", "updated_at") VALUES ($1, $2, $3) RETURNING "id"[0m  [["state_name", "Texas"], ["created_at", "2017-11-07 17:53:25.132546"], ["updated_at", "2017-11-07 17:53:25.132546"]]
  [1m[35m (1.0ms)[0m  [1m[35mCOMMIT[0m
  [1m[35m (0.0ms)[0m  [1m[35mBEGIN[0m
  [1m[35mSQL (1.0ms)[0m  [1m[32mINSERT INTO "states" ("state_name", "created_at", "updated_at") VALUES ($1, $2, $3) RETURNING "id"[0m  [["state_name", "Utah"], ["created_at", "2017-11-07 17:53:25.135556"], ["updated_at", "2017-11-07 17:53:25.135556"]]
  [1m[35m (0.0ms)[0m  [1m[35mCOMMIT[0m
  [1m[35m (1.0ms)[0m  [1m[35mBEGIN[0m
  [1m[35mSQL (1.0ms)[0m  [1m[32mINSERT INTO "states" ("state_name", "created_at", "updated_at") VALUES ($1, $2, $3) RETURNING "id"[0m  [["state_name", "Vermont"], ["created_at", "2017-11-07 17:53:25.137561"], ["updated_at", "2017-11-07 17:53:25.137561"]]
  [1m[35m (0.0ms)[0m  [1m[35mCOMMIT[0m
  [1m[35m (0.0ms)[0m  [1m[35mBEGIN[0m
  [1m[35mSQL (0.0ms)[0m  [1m[32mINSERT INTO "states" ("state_name", "created_at", "updated_at") VALUES ($1, $2, $3) RETURNING "id"[0m  [["state_name", "Virginia"], ["created_at", "2017-11-07 17:53:25.139567"], ["updated_at", "2017-11-07 17:53:25.139567"]]
  [1m[35m (0.0ms)[0m  [1m[35mCOMMIT[0m
  [1m[35m (0.0ms)[0m  [1m[35mBEGIN[0m
  [1m[35mSQL (0.0ms)[0m  [1m[32mINSERT INTO "states" ("state_name", "created_at", "updated_at") VALUES ($1, $2, $3) RETURNING "id"[0m  [["state_name", "Washington"], ["created_at", "2017-11-07 17:53:25.141571"], ["updated_at", "2017-11-07 17:53:25.141571"]]
  [1m[35m (1.0ms)[0m  [1m[35mCOMMIT[0m
  [1m[35m (0.0ms)[0m  [1m[35mBEGIN[0m
  [1m[35mSQL (0.0ms)[0m  [1m[32mINSERT INTO "states" ("state_name", "created_at", "updated_at") VALUES ($1, $2, $3) RETURNING "id"[0m  [["state_name", "West Virginia"], ["created_at", "2017-11-07 17:53:25.143589"], ["updated_at", "2017-11-07 17:53:25.143589"]]
  [1m[35m (0.0ms)[0m  [1m[35mCOMMIT[0m
  [1m[35m (0.0ms)[0m  [1m[35mBEGIN[0m
  [1m[35mSQL (0.5ms)[0m  [1m[32mINSERT INTO "states" ("state_name", "created_at", "updated_at") VALUES ($1, $2, $3) RETURNING "id"[0m  [["state_name", "Wisconsin"], ["created_at", "2017-11-07 17:53:25.146585"], ["updated_at", "2017-11-07 17:53:25.146585"]]
  [1m[35m (0.0ms)[0m  [1m[35mCOMMIT[0m
  [1m[35m (0.0ms)[0m  [1m[35mBEGIN[0m
  [1m[35mSQL (0.5ms)[0m  [1m[32mINSERT INTO "states" ("state_name", "created_at", "updated_at") VALUES ($1, $2, $3) RETURNING "id"[0m  [["state_name", "Wyoming"], ["created_at", "2017-11-07 17:53:25.150100"], ["updated_at", "2017-11-07 17:53:25.150100"]]
  [1m[35m (0.0ms)[0m  [1m[35mCOMMIT[0m
